#
# An unexpected error has been detected by Java Runtime Environment:
#
# java.lang.OutOfMemoryError: Cannot create GC thread. Out of system resources.
#
#  Internal Error (gcTaskThread.cpp:41), pid=21720, tid=1093269840
#  Error: Cannot create GC thread. Out of system resources.
#
# Java VM: OpenJDK 64-Bit Server VM (1.6.0_0-b11 mixed mode linux-amd64)
# If you would like to submit a bug report, please visit:
#   http://icedtea.classpath.org/bugzilla
#

---------------  T H R E A D  ---------------

Current thread (0x0000000001eca000):  JavaThread "Unknown thread" [_thread_in_vm, id=21721, stack(0x000000004119f000,0x00000000412a0000)]

Stack: [0x000000004119f000,0x00000000412a0000],  sp=0x000000004129e710,  free space=1021k
Native frames: (J=compiled Java code, j=interpreted, Vv=VM code, C=native code)
V  [libjvm.so+0x5d198f]
V  [libjvm.so+0x5d1cf1]
V  [libjvm.so+0x27e6c9]
V  [libjvm.so+0x2d5e92]
V  [libjvm.so+0x2d4aba]
V  [libjvm.so+0x4c0f64]
V  [libjvm.so+0x5aef4d]
V  [libjvm.so+0x5b1b5d]
V  [libjvm.so+0x304435]
V  [libjvm.so+0x59fae1]
V  [libjvm.so+0x34cf1d]
C  [java+0x2948]  JavaMain+0x98


---------------  P R O C E S S  ---------------

Java Threads: ( => current thread )

Other Threads:

=>0x0000000001eca000 (exited) JavaThread "Unknown thread" [_thread_in_vm, id=21721, stack(0x000000004119f000,0x00000000412a0000)]

VM state:not at safepoint (not fully initialized)

VM Mutex/Monitor currently owned by a thread: None

Dynamic libraries:
00400000-00408000 r-xp 00000000 fd:02 1622516                            /usr/lib/jvm/java-6-openjdk/jre/bin/java
00608000-00609000 rw-p 00008000 fd:02 1622516                            /usr/lib/jvm/java-6-openjdk/jre/bin/java
01ec1000-01ee2000 rw-p 01ec1000 00:00 0                                  [heap]
40a46000-40a47000 ---p 40a46000 00:00 0 
40a47000-40b47000 rwxp 40a47000 00:00 0 
4119f000-411a2000 ---p 4119f000 00:00 0 
411a2000-412a0000 rwxp 411a2000 00:00 0 
7f9b653b0000-7f9b66870000 rwxp 7f9b653b0000 00:00 0 
7f9b66870000-7f9b6a7b0000 rwxp 7f9b66870000 00:00 0 
7f9b6a7b0000-7f9b6ace0000 rwxp 7f9b6a7b0000 00:00 0 
7f9b6ace0000-7f9b6b660000 rwxp 7f9b6ace0000 00:00 0 
7f9b6b660000-7f9b6ba60000 rwxp 7f9b6b660000 00:00 0 
7f9b6ba60000-7f9b6bdb0000 rwxp 7f9b6ba60000 00:00 0 
7f9b6bdb0000-7f9b6c020000 rwxp 7f9b6bdb0000 00:00 0 
7f9b6c020000-7f9b6edb0000 rwxp 7f9b6c020000 00:00 0 
7f9b6edb0000-7f9b6edb7000 r-xp 00000000 fd:02 1622498                    /usr/lib/jvm/java-6-openjdk/jre/lib/amd64/libzip.so
7f9b6edb7000-7f9b6efb6000 ---p 00007000 fd:02 1622498                    /usr/lib/jvm/java-6-openjdk/jre/lib/amd64/libzip.so
7f9b6efb6000-7f9b6efb7000 rw-p 00006000 fd:02 1622498                    /usr/lib/jvm/java-6-openjdk/jre/lib/amd64/libzip.so
7f9b6efb7000-7f9b6efe4000 r-xp 00000000 fd:02 1622487                    /usr/lib/jvm/java-6-openjdk/jre/lib/amd64/libjava.so
7f9b6efe4000-7f9b6f1e3000 ---p 0002d000 fd:02 1622487                    /usr/lib/jvm/java-6-openjdk/jre/lib/amd64/libjava.so
7f9b6f1e3000-7f9b6f1e7000 rw-p 0002c000 fd:02 1622487                    /usr/lib/jvm/java-6-openjdk/jre/lib/amd64/libjava.so
7f9b6f1e7000-7f9b6f1f6000 r-xp 00000000 fd:02 1622495                    /usr/lib/jvm/java-6-openjdk/jre/lib/amd64/libverify.so
7f9b6f1f6000-7f9b6f3f5000 ---p 0000f000 fd:02 1622495                    /usr/lib/jvm/java-6-openjdk/jre/lib/amd64/libverify.so
7f9b6f3f5000-7f9b6f3f7000 rw-p 0000e000 fd:02 1622495                    /usr/lib/jvm/java-6-openjdk/jre/lib/amd64/libverify.so
7f9b6f3f7000-7f9b6f401000 r-xp 00000000 fd:00 196743                     /lib/libnss_files-2.7.so
7f9b6f401000-7f9b6f601000 ---p 0000a000 fd:00 196743                     /lib/libnss_files-2.7.so
7f9b6f601000-7f9b6f603000 rw-p 0000a000 fd:00 196743                     /lib/libnss_files-2.7.so
7f9b6f603000-7f9b6f60c000 r-xp 00000000 fd:00 196726                     /lib/libnss_nis-2.7.so
7f9b6f60c000-7f9b6f80c000 ---p 00009000 fd:00 196726                     /lib/libnss_nis-2.7.so
7f9b6f80c000-7f9b6f80e000 rw-p 00009000 fd:00 196726                     /lib/libnss_nis-2.7.so
7f9b6f80e000-7f9b6f815000 r-xp 00000000 fd:00 196753                     /lib/libnss_compat-2.7.so
7f9b6f815000-7f9b6fa14000 ---p 00007000 fd:00 196753                     /lib/libnss_compat-2.7.so
7f9b6fa14000-7f9b6fa16000 rw-p 00006000 fd:00 196753                     /lib/libnss_compat-2.7.so
7f9b6fa16000-7f9b6fa2b000 r-xp 00000000 fd:00 196765                     /lib/libnsl-2.7.so
7f9b6fa2b000-7f9b6fc2a000 ---p 00015000 fd:00 196765                     /lib/libnsl-2.7.so
7f9b6fc2a000-7f9b6fc2c000 rw-p 00014000 fd:00 196765                     /lib/libnsl-2.7.so
7f9b6fc2c000-7f9b6fc2e000 rw-p 7f9b6fc2c000 00:00 0 
7f9b6fc2e000-7f9b6fc36000 r-xp 00000000 fd:02 1622489                    /usr/lib/jvm/java-6-openjdk/jre/lib/amd64/native_threads/libhpi.so
7f9b6fc36000-7f9b6fe35000 ---p 00008000 fd:02 1622489                    /usr/lib/jvm/java-6-openjdk/jre/lib/amd64/native_threads/libhpi.so
7f9b6fe35000-7f9b6fe37000 rw-p 00007000 fd:02 1622489                    /usr/lib/jvm/java-6-openjdk/jre/lib/amd64/native_threads/libhpi.so
7f9b6fe37000-7f9b6fe3f000 r-xp 00000000 fd:00 196756                     /lib/librt-2.7.so
7f9b6fe3f000-7f9b7003e000 ---p 00008000 fd:00 196756                     /lib/librt-2.7.so
7f9b7003e000-7f9b70040000 rw-p 00007000 fd:00 196756                     /lib/librt-2.7.so
7f9b70040000-7f9b700c2000 r-xp 00000000 fd:00 196792                     /lib/libm-2.7.so
7f9b700c2000-7f9b702c1000 ---p 00082000 fd:00 196792                     /lib/libm-2.7.so
7f9b702c1000-7f9b702c3000 rw-p 00081000 fd:00 196792                     /lib/libm-2.7.so
7f9b702c3000-7f9b709ba000 r-xp 00000000 fd:02 1622481                    /usr/lib/jvm/java-6-openjdk/jre/lib/amd64/server/libjvm.so
7f9b709ba000-7f9b70bb9000 ---p 006f7000 fd:02 1622481                    /usr/lib/jvm/java-6-openjdk/jre/lib/amd64/server/libjvm.so
7f9b70bb9000-7f9b70c31000 rw-p 006f6000 fd:02 1622481                    /usr/lib/jvm/java-6-openjdk/jre/lib/amd64/server/libjvm.so
7f9b70c31000-7f9b70c6a000 rw-p 7f9b70c31000 00:00 0 
7f9b70c6a000-7f9b70db4000 r-xp 00000000 fd:00 196766                     /lib/libc-2.7.so
7f9b70db4000-7f9b70fb3000 ---p 0014a000 fd:00 196766                     /lib/libc-2.7.so
7f9b70fb3000-7f9b70fb6000 r--p 00149000 fd:00 196766                     /lib/libc-2.7.so
7f9b70fb6000-7f9b70fb8000 rw-p 0014c000 fd:00 196766                     /lib/libc-2.7.so
7f9b70fb8000-7f9b70fbd000 rw-p 7f9b70fb8000 00:00 0 
7f9b70fbd000-7f9b70fbf000 r-xp 00000000 fd:00 196757                     /lib/libdl-2.7.so
7f9b70fbf000-7f9b711bf000 ---p 00002000 fd:00 196757                     /lib/libdl-2.7.so
7f9b711bf000-7f9b711c1000 rw-p 00002000 fd:00 196757                     /lib/libdl-2.7.so
7f9b711c1000-7f9b711c5000 r-xp 00000000 fd:02 1622478                    /usr/lib/jvm/java-6-openjdk/jre/lib/amd64/jli/libjli.so
7f9b711c5000-7f9b713c4000 ---p 00004000 fd:02 1622478                    /usr/lib/jvm/java-6-openjdk/jre/lib/amd64/jli/libjli.so
7f9b713c4000-7f9b713c5000 rw-p 00003000 fd:02 1622478                    /usr/lib/jvm/java-6-openjdk/jre/lib/amd64/jli/libjli.so
7f9b713c5000-7f9b713db000 r-xp 00000000 fd:00 196790                     /lib/libpthread-2.7.so
7f9b713db000-7f9b715db000 ---p 00016000 fd:00 196790                     /lib/libpthread-2.7.so
7f9b715db000-7f9b715dd000 rw-p 00016000 fd:00 196790                     /lib/libpthread-2.7.so
7f9b715dd000-7f9b715e1000 rw-p 7f9b715dd000 00:00 0 
7f9b715e1000-7f9b715f7000 r-xp 00000000 fd:02 1245815                    /usr/lib/libz.so.1.2.3.3
7f9b715f7000-7f9b717f7000 ---p 00016000 fd:02 1245815                    /usr/lib/libz.so.1.2.3.3
7f9b717f7000-7f9b717f8000 rw-p 00016000 fd:02 1245815                    /usr/lib/libz.so.1.2.3.3
7f9b717f8000-7f9b71814000 r-xp 00000000 fd:00 196759                     /lib/ld-2.7.so
7f9b718da000-7f9b718e5000 rwxp 7f9b718da000 00:00 0 
7f9b718e5000-7f9b71904000 rwxp 7f9b718e5000 00:00 0 
7f9b71904000-7f9b7190f000 rwxp 7f9b71904000 00:00 0 
7f9b7190f000-7f9b7192e000 rwxp 7f9b7190f000 00:00 0 
7f9b7192e000-7f9b71931000 rwxp 7f9b7192e000 00:00 0 
7f9b71931000-7f9b71935000 rwxp 7f9b71931000 00:00 0 
7f9b71935000-7f9b71938000 rwxp 7f9b71935000 00:00 0 
7f9b71938000-7f9b71939000 rwxp 7f9b71938000 00:00 0 
7f9b71939000-7f9b71944000 rwxp 7f9b71939000 00:00 0 
7f9b71944000-7f9b719fa000 rwxp 7f9b71944000 00:00 0 
7f9b719fa000-7f9b719fe000 rw-p 7f9b719fa000 00:00 0 
7f9b719fe000-7f9b71a01000 rwxp 7f9b719fe000 00:00 0 
7f9b71a01000-7f9b71a06000 rwxp 7f9b71a01000 00:00 0 
7f9b71a06000-7f9b71a0e000 rw-s 00000000 fd:01 1277954                    /tmp/hsperfdata_lucy/21720
7f9b71a0e000-7f9b71a0f000 rw-p 7f9b71a0e000 00:00 0 
7f9b71a0f000-7f9b71a10000 r--p 7f9b71a0f000 00:00 0 
7f9b71a10000-7f9b71a13000 rw-p 7f9b71a10000 00:00 0 
7f9b71a13000-7f9b71a15000 rw-p 0001b000 fd:00 196759                     /lib/ld-2.7.so
7fffe9108000-7fffe911d000 rwxp 7ffffffea000 00:00 0                      [stack]
7fffe9143000-7fffe9144000 r-xp 7fffe9143000 00:00 0                      [vdso]
ffffffffff600000-ffffffffff601000 r-xp 00000000 00:00 0                  [vsyscall]

VM Arguments:
jvm_args: -Xmx22m 
java_command: BackEnd
Launcher Type: SUN_STANDARD

Environment Variables:
PATH=/usr/local/bin:/usr/bin:/bin:/usr/games
LD_LIBRARY_PATH=/usr/lib/jvm/java-6-openjdk/jre/lib/amd64/server:/usr/lib/jvm/java-6-openjdk/jre/lib/amd64:/usr/lib/jvm/java-6-openjdk/jre/../lib/amd64
SHELL=/bin/bash

Signal Handlers:
SIGSEGV: [libjvm.so+0x5d2630], sa_mask[0]=0x7ffbfeff, sa_flags=0x10000004
SIGBUS: [libjvm.so+0x5d2630], sa_mask[0]=0x7ffbfeff, sa_flags=0x10000004
SIGFPE: [libjvm.so+0x4ab9d0], sa_mask[0]=0x7ffbfeff, sa_flags=0x10000004
SIGPIPE: [libjvm.so+0x4ab9d0], sa_mask[0]=0x7ffbfeff, sa_flags=0x10000004
SIGXFSZ: [libjvm.so+0x4ab9d0], sa_mask[0]=0x7ffbfeff, sa_flags=0x10000004
SIGILL: [libjvm.so+0x4ab9d0], sa_mask[0]=0x7ffbfeff, sa_flags=0x10000004
SIGUSR1: SIG_DFL, sa_mask[0]=0x00000000, sa_flags=0x00000000
SIGUSR2: [libjvm.so+0x4ab380], sa_mask[0]=0x00000000, sa_flags=0x10000004
SIGHUP: SIG_DFL, sa_mask[0]=0x00000000, sa_flags=0x00000000
SIGINT: SIG_DFL, sa_mask[0]=0x00000000, sa_flags=0x00000000
SIGTERM: SIG_DFL, sa_mask[0]=0x00000000, sa_flags=0x00000000
SIGQUIT: SIG_DFL, sa_mask[0]=0x00000000, sa_flags=0x00000000


---------------  S Y S T E M  ---------------

OS:5.0.3

uname:Linux 2.6.26-2-amd64 #1 SMP Thu Nov 5 02:23:12 UTC 2009 x86_64
libc:glibc 2.7 NPTL 2.7 
rlimit: STACK 8192k, CORE 0k, NPROC 150, NOFILE 2048, AS 204800k
load average:1.49 1.36 1.38

CPU:total 4 (4 cores per cpu, 1 threads per core) family 6 model 15 stepping 11, cmov, cx8, fxsr, mmx, sse, sse2, sse3, ssse3

Memory: 4k page, physical 8200308k(176124k free), swap 4194296k(4193444k free)

vm_info: OpenJDK 64-Bit Server VM (1.6.0_0-b11) for linux-amd64 JRE (1.6.0_0-b11), built on Apr  9 2009 19:35:18 by "pbuilder" with gcc 4.3.2

time: Tue Mar  9 22:28:04 2010
elapsed time: 0 seconds

