#
# An unexpected error has been detected by Java Runtime Environment:
#
# java.lang.OutOfMemoryError: pthread_getattr_np
#
#  Internal Error (os_linux_amd64.cpp:470), pid=18942, tid=1108334928
#  Error: pthread_getattr_np
#
# Java VM: OpenJDK 64-Bit Server VM (1.6.0_0-b11 mixed mode linux-amd64)
# If you would like to submit a bug report, please visit:
#   http://icedtea.classpath.org/bugzilla
#

---------------  T H R E A D  ---------------

Current thread (0x00000000009e1c00):  GCTaskThread [stack: 0x00000000420fe000,0x00000000420fe000] [id=18946]

Stack: [0x00000000420fe000,0x00000000420fe000],  sp=0x00000000420fc970,  free space=-6k
Native frames: (J=compiled Java code, j=interpreted, Vv=VM code, C=native code)
V  [libjvm.so+0x5d198f]
V  [libjvm.so+0x5d1cf1]
V  [libjvm.so+0x27e6c9]
V  [libjvm.so+0x4b070a]
V  [libjvm.so+0x4b0735]
V  [libjvm.so+0x59a77d]
V  [libjvm.so+0x2d5b9c]
V  [libjvm.so+0x4aea70]


---------------  P R O C E S S  ---------------

Java Threads: ( => current thread )

Other Threads:

=>0x00000000009e1c00 (exited) GCTaskThread [stack: 0x00000000420fe000,0x00000000420fe000] [id=18946]

VM state:not at safepoint (not fully initialized)

VM Mutex/Monitor currently owned by a thread: None

Dynamic libraries:
00400000-00408000 r-xp 00000000 fd:02 1622516                            /usr/lib/jvm/java-6-openjdk/jre/bin/java
00608000-00609000 rw-p 00008000 fd:02 1622516                            /usr/lib/jvm/java-6-openjdk/jre/bin/java
009cc000-009ed000 rw-p 009cc000 00:00 0                                  [heap]
4042a000-4042b000 ---p 4042a000 00:00 0 
4042b000-4052b000 rwxp 4042b000 00:00 0 
41078000-41079000 ---p 41078000 00:00 0 
41079000-41179000 rwxp 41079000 00:00 0 
417a5000-417a6000 ---p 417a5000 00:00 0 
417a6000-418a6000 rwxp 417a6000 00:00 0 
41df1000-41df4000 ---p 41df1000 00:00 0 
41df4000-41ef2000 rwxp 41df4000 00:00 0 
41ffd000-41ffe000 ---p 41ffd000 00:00 0 
41ffe000-420fe000 rwxp 41ffe000 00:00 0 
7fad93250000-7fad94710000 rwxp 7fad93250000 00:00 0 
7fad94710000-7fad98650000 rwxp 7fad94710000 00:00 0 
7fad98650000-7fad98b80000 rwxp 7fad98650000 00:00 0 
7fad98b80000-7fad99250000 rwxp 7fad98b80000 00:00 0 
7fad99250000-7fad99650000 rwxp 7fad99250000 00:00 0 
7fad99650000-7fad99850000 rwxp 7fad99650000 00:00 0 
7fad99854000-7fad99ac4000 rwxp 7fad99854000 00:00 0 
7fad99ac4000-7fad9c854000 rwxp 7fad99ac4000 00:00 0 
7fad9c854000-7fad9c85b000 r-xp 00000000 fd:02 1622498                    /usr/lib/jvm/java-6-openjdk/jre/lib/amd64/libzip.so
7fad9c85b000-7fad9ca5a000 ---p 00007000 fd:02 1622498                    /usr/lib/jvm/java-6-openjdk/jre/lib/amd64/libzip.so
7fad9ca5a000-7fad9ca5b000 rw-p 00006000 fd:02 1622498                    /usr/lib/jvm/java-6-openjdk/jre/lib/amd64/libzip.so
7fad9ca5b000-7fad9ca88000 r-xp 00000000 fd:02 1622487                    /usr/lib/jvm/java-6-openjdk/jre/lib/amd64/libjava.so
7fad9ca88000-7fad9cc87000 ---p 0002d000 fd:02 1622487                    /usr/lib/jvm/java-6-openjdk/jre/lib/amd64/libjava.so
7fad9cc87000-7fad9cc8b000 rw-p 0002c000 fd:02 1622487                    /usr/lib/jvm/java-6-openjdk/jre/lib/amd64/libjava.so
7fad9cc8b000-7fad9cc9a000 r-xp 00000000 fd:02 1622495                    /usr/lib/jvm/java-6-openjdk/jre/lib/amd64/libverify.so
7fad9cc9a000-7fad9ce99000 ---p 0000f000 fd:02 1622495                    /usr/lib/jvm/java-6-openjdk/jre/lib/amd64/libverify.so
7fad9ce99000-7fad9ce9b000 rw-p 0000e000 fd:02 1622495                    /usr/lib/jvm/java-6-openjdk/jre/lib/amd64/libverify.so
7fad9ce9b000-7fad9cea5000 r-xp 00000000 fd:00 196743                     /lib/libnss_files-2.7.so
7fad9cea5000-7fad9d0a5000 ---p 0000a000 fd:00 196743                     /lib/libnss_files-2.7.so
7fad9d0a5000-7fad9d0a7000 rw-p 0000a000 fd:00 196743                     /lib/libnss_files-2.7.so
7fad9d0a7000-7fad9d0b0000 r-xp 00000000 fd:00 196726                     /lib/libnss_nis-2.7.so
7fad9d0b0000-7fad9d2b0000 ---p 00009000 fd:00 196726                     /lib/libnss_nis-2.7.so
7fad9d2b0000-7fad9d2b2000 rw-p 00009000 fd:00 196726                     /lib/libnss_nis-2.7.so
7fad9d2b2000-7fad9d2b9000 r-xp 00000000 fd:00 196753                     /lib/libnss_compat-2.7.so
7fad9d2b9000-7fad9d4b8000 ---p 00007000 fd:00 196753                     /lib/libnss_compat-2.7.so
7fad9d4b8000-7fad9d4ba000 rw-p 00006000 fd:00 196753                     /lib/libnss_compat-2.7.so
7fad9d4ba000-7fad9d4cf000 r-xp 00000000 fd:00 196765                     /lib/libnsl-2.7.so
7fad9d4cf000-7fad9d6ce000 ---p 00015000 fd:00 196765                     /lib/libnsl-2.7.so
7fad9d6ce000-7fad9d6d0000 rw-p 00014000 fd:00 196765                     /lib/libnsl-2.7.so
7fad9d6d0000-7fad9d6d2000 rw-p 7fad9d6d0000 00:00 0 
7fad9d6d2000-7fad9d6da000 r-xp 00000000 fd:02 1622489                    /usr/lib/jvm/java-6-openjdk/jre/lib/amd64/native_threads/libhpi.so
7fad9d6da000-7fad9d8d9000 ---p 00008000 fd:02 1622489                    /usr/lib/jvm/java-6-openjdk/jre/lib/amd64/native_threads/libhpi.so
7fad9d8d9000-7fad9d8db000 rw-p 00007000 fd:02 1622489                    /usr/lib/jvm/java-6-openjdk/jre/lib/amd64/native_threads/libhpi.so
7fad9d8db000-7fad9d8e3000 r-xp 00000000 fd:00 196756                     /lib/librt-2.7.so
7fad9d8e3000-7fad9dae2000 ---p 00008000 fd:00 196756                     /lib/librt-2.7.so
7fad9dae2000-7fad9dae4000 rw-p 00007000 fd:00 196756                     /lib/librt-2.7.so
7fad9dae4000-7fad9db66000 r-xp 00000000 fd:00 196792                     /lib/libm-2.7.so
7fad9db66000-7fad9dd65000 ---p 00082000 fd:00 196792                     /lib/libm-2.7.so
7fad9dd65000-7fad9dd67000 rw-p 00081000 fd:00 196792                     /lib/libm-2.7.so
7fad9dd67000-7fad9e45e000 r-xp 00000000 fd:02 1622481                    /usr/lib/jvm/java-6-openjdk/jre/lib/amd64/server/libjvm.so
7fad9e45e000-7fad9e65d000 ---p 006f7000 fd:02 1622481                    /usr/lib/jvm/java-6-openjdk/jre/lib/amd64/server/libjvm.so
7fad9e65d000-7fad9e6d5000 rw-p 006f6000 fd:02 1622481                    /usr/lib/jvm/java-6-openjdk/jre/lib/amd64/server/libjvm.so
7fad9e6d5000-7fad9e70e000 rw-p 7fad9e6d5000 00:00 0 
7fad9e70e000-7fad9e858000 r-xp 00000000 fd:00 196766                     /lib/libc-2.7.so
7fad9e858000-7fad9ea57000 ---p 0014a000 fd:00 196766                     /lib/libc-2.7.so
7fad9ea57000-7fad9ea5a000 r--p 00149000 fd:00 196766                     /lib/libc-2.7.so
7fad9ea5a000-7fad9ea5c000 rw-p 0014c000 fd:00 196766                     /lib/libc-2.7.so
7fad9ea5c000-7fad9ea61000 rw-p 7fad9ea5c000 00:00 0 
7fad9ea61000-7fad9ea63000 r-xp 00000000 fd:00 196757                     /lib/libdl-2.7.so
7fad9ea63000-7fad9ec63000 ---p 00002000 fd:00 196757                     /lib/libdl-2.7.so
7fad9ec63000-7fad9ec65000 rw-p 00002000 fd:00 196757                     /lib/libdl-2.7.so
7fad9ec65000-7fad9ec69000 r-xp 00000000 fd:02 1622478                    /usr/lib/jvm/java-6-openjdk/jre/lib/amd64/jli/libjli.so
7fad9ec69000-7fad9ee68000 ---p 00004000 fd:02 1622478                    /usr/lib/jvm/java-6-openjdk/jre/lib/amd64/jli/libjli.so
7fad9ee68000-7fad9ee69000 rw-p 00003000 fd:02 1622478                    /usr/lib/jvm/java-6-openjdk/jre/lib/amd64/jli/libjli.so
7fad9ee69000-7fad9ee7f000 r-xp 00000000 fd:00 196790                     /lib/libpthread-2.7.so
7fad9ee7f000-7fad9f07f000 ---p 00016000 fd:00 196790                     /lib/libpthread-2.7.so
7fad9f07f000-7fad9f081000 rw-p 00016000 fd:00 196790                     /lib/libpthread-2.7.so
7fad9f081000-7fad9f085000 rw-p 7fad9f081000 00:00 0 
7fad9f085000-7fad9f09b000 r-xp 00000000 fd:02 1245815                    /usr/lib/libz.so.1.2.3.3
7fad9f09b000-7fad9f29b000 ---p 00016000 fd:02 1245815                    /usr/lib/libz.so.1.2.3.3
7fad9f29b000-7fad9f29c000 rw-p 00016000 fd:02 1245815                    /usr/lib/libz.so.1.2.3.3
7fad9f29c000-7fad9f2b8000 r-xp 00000000 fd:00 196759                     /lib/ld-2.7.so
7fad9f358000-7fad9f380000 rw-p 7fad9f358000 00:00 0 
7fad9f380000-7fad9f38b000 rwxp 7fad9f380000 00:00 0 
7fad9f38b000-7fad9f3aa000 rwxp 7fad9f38b000 00:00 0 
7fad9f3aa000-7fad9f3b5000 rwxp 7fad9f3aa000 00:00 0 
7fad9f3b5000-7fad9f3d4000 rwxp 7fad9f3b5000 00:00 0 
7fad9f3d4000-7fad9f3d7000 rwxp 7fad9f3d4000 00:00 0 
7fad9f3d7000-7fad9f3da000 rwxp 7fad9f3d7000 00:00 0 
7fad9f3da000-7fad9f3dc000 rwxp 7fad9f3da000 00:00 0 
7fad9f3dc000-7fad9f3dd000 rwxp 7fad9f3dc000 00:00 0 
7fad9f3dd000-7fad9f3e8000 rwxp 7fad9f3dd000 00:00 0 
7fad9f3e8000-7fad9f49e000 rwxp 7fad9f3e8000 00:00 0 
7fad9f49e000-7fad9f4a2000 rw-p 7fad9f49e000 00:00 0 
7fad9f4a4000-7fad9f4a7000 rwxp 7fad9f4a4000 00:00 0 
7fad9f4a7000-7fad9f4aa000 rwxp 7fad9f4a7000 00:00 0 
7fad9f4aa000-7fad9f4b2000 rw-s 00000000 fd:01 1277954                    /tmp/hsperfdata_lucy/18942
7fad9f4b2000-7fad9f4b3000 rw-p 7fad9f4b2000 00:00 0 
7fad9f4b3000-7fad9f4b4000 r--p 7fad9f4b3000 00:00 0 
7fad9f4b4000-7fad9f4b7000 rw-p 7fad9f4b4000 00:00 0 
7fad9f4b7000-7fad9f4b9000 rw-p 0001b000 fd:00 196759                     /lib/ld-2.7.so
7fffd044c000-7fffd045f000 rwxp 7ffffffea000 00:00 0                      [stack]
7fffd045f000-7fffd0461000 rw-p 7fffffffd000 00:00 0 
7fffd050e000-7fffd050f000 r-xp 7fffd050e000 00:00 0                      [vdso]
ffffffffff600000-ffffffffff601000 r-xp 00000000 00:00 0                  [vsyscall]

VM Arguments:
jvm_args: -Xmx18m 
java_command: BackEnd
Launcher Type: SUN_STANDARD

Environment Variables:
PATH=/usr/local/bin:/usr/bin:/bin:/usr/games
LD_LIBRARY_PATH=/usr/lib/jvm/java-6-openjdk/jre/lib/amd64/server:/usr/lib/jvm/java-6-openjdk/jre/lib/amd64:/usr/lib/jvm/java-6-openjdk/jre/../lib/amd64
SHELL=/bin/bash

Signal Handlers:
SIGSEGV: [libjvm.so+0x5d2630], sa_mask[0]=0x7ffbfeff, sa_flags=0x10000004
SIGBUS: [libjvm.so+0x5d2630], sa_mask[0]=0x7ffbfeff, sa_flags=0x10000004
SIGFPE: [libjvm.so+0x4ab9d0], sa_mask[0]=0x7ffbfeff, sa_flags=0x10000004
SIGPIPE: [libjvm.so+0x4ab9d0], sa_mask[0]=0x7ffbfeff, sa_flags=0x10000004
SIGXFSZ: [libjvm.so+0x4ab9d0], sa_mask[0]=0x7ffbfeff, sa_flags=0x10000004
SIGILL: [libjvm.so+0x4ab9d0], sa_mask[0]=0x7ffbfeff, sa_flags=0x10000004
SIGUSR1: SIG_DFL, sa_mask[0]=0x00000000, sa_flags=0x00000000
SIGUSR2: [libjvm.so+0x4ab380], sa_mask[0]=0x00000000, sa_flags=0x10000004
SIGHUP: SIG_DFL, sa_mask[0]=0x00000000, sa_flags=0x00000000
SIGINT: SIG_DFL, sa_mask[0]=0x00000000, sa_flags=0x00000000
SIGTERM: SIG_DFL, sa_mask[0]=0x00000000, sa_flags=0x00000000
SIGQUIT: SIG_DFL, sa_mask[0]=0x00000000, sa_flags=0x00000000


---------------  S Y S T E M  ---------------

OS:5.0.3

uname:Linux 2.6.26-2-amd64 #1 SMP Thu Nov 5 02:23:12 UTC 2009 x86_64
libc:glibc 2.7 NPTL 2.7 
rlimit: STACK 8192k, CORE 0k, NPROC 150, NOFILE 2048, AS 204800k
load average:1.48 1.45 1.42

CPU:total 4 (4 cores per cpu, 1 threads per core) family 6 model 15 stepping 11, cmov, cx8, fxsr, mmx, sse, sse2, sse3, ssse3

Memory: 4k page, physical 8200308k(235140k free), swap 4194296k(4193444k free)

vm_info: OpenJDK 64-Bit Server VM (1.6.0_0-b11) for linux-amd64 JRE (1.6.0_0-b11), built on Apr  9 2009 19:35:18 by "pbuilder" with gcc 4.3.2

time: Tue Mar  9 22:21:22 2010
elapsed time: 0 seconds

