#
# An unexpected error has been detected by Java Runtime Environment:
#
# java.lang.OutOfMemoryError: Cannot create GC thread. Out of system resources.
#
#  Internal Error (gcTaskThread.cpp:41), pid=19035, tid=1083746640
#  Error: Cannot create GC thread. Out of system resources.
#
# Java VM: OpenJDK 64-Bit Server VM (1.6.0_0-b11 mixed mode linux-amd64)
# If you would like to submit a bug report, please visit:
#   http://icedtea.classpath.org/bugzilla
#

---------------  T H R E A D  ---------------

Current thread (0x00000000014c2000):  JavaThread "Unknown thread" [_thread_in_vm, id=19036, stack(0x000000004088a000,0x000000004098b000)]

Stack: [0x000000004088a000,0x000000004098b000],  sp=0x0000000040989710,  free space=1021k
Native frames: (J=compiled Java code, j=interpreted, Vv=VM code, C=native code)
V  [libjvm.so+0x5d198f]
V  [libjvm.so+0x5d1cf1]
V  [libjvm.so+0x27e6c9]
V  [libjvm.so+0x2d5e92]
V  [libjvm.so+0x2d4aba]
V  [libjvm.so+0x4c0f64]
V  [libjvm.so+0x5aef4d]
V  [libjvm.so+0x5b1b5d]
V  [libjvm.so+0x304435]
V  [libjvm.so+0x59fae1]
V  [libjvm.so+0x34cf1d]
C  [java+0x2948]  JavaMain+0x98


---------------  P R O C E S S  ---------------

Java Threads: ( => current thread )

Other Threads:

=>0x00000000014c2000 (exited) JavaThread "Unknown thread" [_thread_in_vm, id=19036, stack(0x000000004088a000,0x000000004098b000)]

VM state:not at safepoint (not fully initialized)

VM Mutex/Monitor currently owned by a thread: None

Dynamic libraries:
00400000-00408000 r-xp 00000000 fd:02 1622516                            /usr/lib/jvm/java-6-openjdk/jre/bin/java
00608000-00609000 rw-p 00008000 fd:02 1622516                            /usr/lib/jvm/java-6-openjdk/jre/bin/java
014b9000-014da000 rw-p 014b9000 00:00 0                                  [heap]
4088a000-4088d000 ---p 4088a000 00:00 0 
4088d000-4098b000 rwxp 4088d000 00:00 0 
4098b000-4098c000 ---p 4098b000 00:00 0 
4098c000-40a8c000 rwxp 4098c000 00:00 0 
7fd3a5360000-7fd3a6820000 rwxp 7fd3a5360000 00:00 0 
7fd3a6820000-7fd3aa760000 rwxp 7fd3a6820000 00:00 0 
7fd3aa760000-7fd3aac90000 rwxp 7fd3aa760000 00:00 0 
7fd3aac90000-7fd3ab610000 rwxp 7fd3aac90000 00:00 0 
7fd3ab610000-7fd3aba10000 rwxp 7fd3ab610000 00:00 0 
7fd3aba10000-7fd3abd60000 rwxp 7fd3aba10000 00:00 0 
7fd3abd6d000-7fd3abfdd000 rwxp 7fd3abd6d000 00:00 0 
7fd3abfdd000-7fd3aed6d000 rwxp 7fd3abfdd000 00:00 0 
7fd3aed6d000-7fd3aed74000 r-xp 00000000 fd:02 1622498                    /usr/lib/jvm/java-6-openjdk/jre/lib/amd64/libzip.so
7fd3aed74000-7fd3aef73000 ---p 00007000 fd:02 1622498                    /usr/lib/jvm/java-6-openjdk/jre/lib/amd64/libzip.so
7fd3aef73000-7fd3aef74000 rw-p 00006000 fd:02 1622498                    /usr/lib/jvm/java-6-openjdk/jre/lib/amd64/libzip.so
7fd3aef74000-7fd3aefa1000 r-xp 00000000 fd:02 1622487                    /usr/lib/jvm/java-6-openjdk/jre/lib/amd64/libjava.so
7fd3aefa1000-7fd3af1a0000 ---p 0002d000 fd:02 1622487                    /usr/lib/jvm/java-6-openjdk/jre/lib/amd64/libjava.so
7fd3af1a0000-7fd3af1a4000 rw-p 0002c000 fd:02 1622487                    /usr/lib/jvm/java-6-openjdk/jre/lib/amd64/libjava.so
7fd3af1a4000-7fd3af1b3000 r-xp 00000000 fd:02 1622495                    /usr/lib/jvm/java-6-openjdk/jre/lib/amd64/libverify.so
7fd3af1b3000-7fd3af3b2000 ---p 0000f000 fd:02 1622495                    /usr/lib/jvm/java-6-openjdk/jre/lib/amd64/libverify.so
7fd3af3b2000-7fd3af3b4000 rw-p 0000e000 fd:02 1622495                    /usr/lib/jvm/java-6-openjdk/jre/lib/amd64/libverify.so
7fd3af3b4000-7fd3af3be000 r-xp 00000000 fd:00 196743                     /lib/libnss_files-2.7.so
7fd3af3be000-7fd3af5be000 ---p 0000a000 fd:00 196743                     /lib/libnss_files-2.7.so
7fd3af5be000-7fd3af5c0000 rw-p 0000a000 fd:00 196743                     /lib/libnss_files-2.7.so
7fd3af5c0000-7fd3af5c9000 r-xp 00000000 fd:00 196726                     /lib/libnss_nis-2.7.so
7fd3af5c9000-7fd3af7c9000 ---p 00009000 fd:00 196726                     /lib/libnss_nis-2.7.so
7fd3af7c9000-7fd3af7cb000 rw-p 00009000 fd:00 196726                     /lib/libnss_nis-2.7.so
7fd3af7cb000-7fd3af7d2000 r-xp 00000000 fd:00 196753                     /lib/libnss_compat-2.7.so
7fd3af7d2000-7fd3af9d1000 ---p 00007000 fd:00 196753                     /lib/libnss_compat-2.7.so
7fd3af9d1000-7fd3af9d3000 rw-p 00006000 fd:00 196753                     /lib/libnss_compat-2.7.so
7fd3af9d3000-7fd3af9e8000 r-xp 00000000 fd:00 196765                     /lib/libnsl-2.7.so
7fd3af9e8000-7fd3afbe7000 ---p 00015000 fd:00 196765                     /lib/libnsl-2.7.so
7fd3afbe7000-7fd3afbe9000 rw-p 00014000 fd:00 196765                     /lib/libnsl-2.7.so
7fd3afbe9000-7fd3afbeb000 rw-p 7fd3afbe9000 00:00 0 
7fd3afbeb000-7fd3afbf3000 r-xp 00000000 fd:02 1622489                    /usr/lib/jvm/java-6-openjdk/jre/lib/amd64/native_threads/libhpi.so
7fd3afbf3000-7fd3afdf2000 ---p 00008000 fd:02 1622489                    /usr/lib/jvm/java-6-openjdk/jre/lib/amd64/native_threads/libhpi.so
7fd3afdf2000-7fd3afdf4000 rw-p 00007000 fd:02 1622489                    /usr/lib/jvm/java-6-openjdk/jre/lib/amd64/native_threads/libhpi.so
7fd3afdf4000-7fd3afdfc000 r-xp 00000000 fd:00 196756                     /lib/librt-2.7.so
7fd3afdfc000-7fd3afffb000 ---p 00008000 fd:00 196756                     /lib/librt-2.7.so
7fd3afffb000-7fd3afffd000 rw-p 00007000 fd:00 196756                     /lib/librt-2.7.so
7fd3afffd000-7fd3b007f000 r-xp 00000000 fd:00 196792                     /lib/libm-2.7.so
7fd3b007f000-7fd3b027e000 ---p 00082000 fd:00 196792                     /lib/libm-2.7.so
7fd3b027e000-7fd3b0280000 rw-p 00081000 fd:00 196792                     /lib/libm-2.7.so
7fd3b0280000-7fd3b0977000 r-xp 00000000 fd:02 1622481                    /usr/lib/jvm/java-6-openjdk/jre/lib/amd64/server/libjvm.so
7fd3b0977000-7fd3b0b76000 ---p 006f7000 fd:02 1622481                    /usr/lib/jvm/java-6-openjdk/jre/lib/amd64/server/libjvm.so
7fd3b0b76000-7fd3b0bee000 rw-p 006f6000 fd:02 1622481                    /usr/lib/jvm/java-6-openjdk/jre/lib/amd64/server/libjvm.so
7fd3b0bee000-7fd3b0c27000 rw-p 7fd3b0bee000 00:00 0 
7fd3b0c27000-7fd3b0d71000 r-xp 00000000 fd:00 196766                     /lib/libc-2.7.so
7fd3b0d71000-7fd3b0f70000 ---p 0014a000 fd:00 196766                     /lib/libc-2.7.so
7fd3b0f70000-7fd3b0f73000 r--p 00149000 fd:00 196766                     /lib/libc-2.7.so
7fd3b0f73000-7fd3b0f75000 rw-p 0014c000 fd:00 196766                     /lib/libc-2.7.so
7fd3b0f75000-7fd3b0f7a000 rw-p 7fd3b0f75000 00:00 0 
7fd3b0f7a000-7fd3b0f7c000 r-xp 00000000 fd:00 196757                     /lib/libdl-2.7.so
7fd3b0f7c000-7fd3b117c000 ---p 00002000 fd:00 196757                     /lib/libdl-2.7.so
7fd3b117c000-7fd3b117e000 rw-p 00002000 fd:00 196757                     /lib/libdl-2.7.so
7fd3b117e000-7fd3b1182000 r-xp 00000000 fd:02 1622478                    /usr/lib/jvm/java-6-openjdk/jre/lib/amd64/jli/libjli.so
7fd3b1182000-7fd3b1381000 ---p 00004000 fd:02 1622478                    /usr/lib/jvm/java-6-openjdk/jre/lib/amd64/jli/libjli.so
7fd3b1381000-7fd3b1382000 rw-p 00003000 fd:02 1622478                    /usr/lib/jvm/java-6-openjdk/jre/lib/amd64/jli/libjli.so
7fd3b1382000-7fd3b1398000 r-xp 00000000 fd:00 196790                     /lib/libpthread-2.7.so
7fd3b1398000-7fd3b1598000 ---p 00016000 fd:00 196790                     /lib/libpthread-2.7.so
7fd3b1598000-7fd3b159a000 rw-p 00016000 fd:00 196790                     /lib/libpthread-2.7.so
7fd3b159a000-7fd3b159e000 rw-p 7fd3b159a000 00:00 0 
7fd3b159e000-7fd3b15b4000 r-xp 00000000 fd:02 1245815                    /usr/lib/libz.so.1.2.3.3
7fd3b15b4000-7fd3b17b4000 ---p 00016000 fd:02 1245815                    /usr/lib/libz.so.1.2.3.3
7fd3b17b4000-7fd3b17b5000 rw-p 00016000 fd:02 1245815                    /usr/lib/libz.so.1.2.3.3
7fd3b17b5000-7fd3b17d1000 r-xp 00000000 fd:00 196759                     /lib/ld-2.7.so
7fd3b1897000-7fd3b18a2000 rwxp 7fd3b1897000 00:00 0 
7fd3b18a2000-7fd3b18c1000 rwxp 7fd3b18a2000 00:00 0 
7fd3b18c1000-7fd3b18cc000 rwxp 7fd3b18c1000 00:00 0 
7fd3b18cc000-7fd3b18eb000 rwxp 7fd3b18cc000 00:00 0 
7fd3b18eb000-7fd3b18ee000 rwxp 7fd3b18eb000 00:00 0 
7fd3b18ee000-7fd3b18f2000 rwxp 7fd3b18ee000 00:00 0 
7fd3b18f2000-7fd3b18f5000 rwxp 7fd3b18f2000 00:00 0 
7fd3b18f5000-7fd3b18f6000 rwxp 7fd3b18f5000 00:00 0 
7fd3b18f6000-7fd3b1901000 rwxp 7fd3b18f6000 00:00 0 
7fd3b1901000-7fd3b19b7000 rwxp 7fd3b1901000 00:00 0 
7fd3b19b7000-7fd3b19bb000 rw-p 7fd3b19b7000 00:00 0 
7fd3b19bb000-7fd3b19be000 rwxp 7fd3b19bb000 00:00 0 
7fd3b19be000-7fd3b19c3000 rwxp 7fd3b19be000 00:00 0 
7fd3b19c3000-7fd3b19cb000 rw-s 00000000 fd:01 1277954                    /tmp/hsperfdata_lucy/19035
7fd3b19cb000-7fd3b19cc000 rw-p 7fd3b19cb000 00:00 0 
7fd3b19cc000-7fd3b19cd000 r--p 7fd3b19cc000 00:00 0 
7fd3b19cd000-7fd3b19d0000 rw-p 7fd3b19cd000 00:00 0 
7fd3b19d0000-7fd3b19d2000 rw-p 0001b000 fd:00 196759                     /lib/ld-2.7.so
7fff5df0a000-7fff5df1f000 rwxp 7ffffffea000 00:00 0                      [stack]
7fff5df52000-7fff5df53000 r-xp 7fff5df52000 00:00 0                      [vdso]
ffffffffff600000-ffffffffff601000 r-xp 00000000 00:00 0                  [vsyscall]

VM Arguments:
jvm_args: -Xmx22m 
java_command: BackEnd
Launcher Type: SUN_STANDARD

Environment Variables:
PATH=/usr/local/bin:/usr/bin:/bin:/usr/games
LD_LIBRARY_PATH=/usr/lib/jvm/java-6-openjdk/jre/lib/amd64/server:/usr/lib/jvm/java-6-openjdk/jre/lib/amd64:/usr/lib/jvm/java-6-openjdk/jre/../lib/amd64
SHELL=/bin/bash

Signal Handlers:
SIGSEGV: [libjvm.so+0x5d2630], sa_mask[0]=0x7ffbfeff, sa_flags=0x10000004
SIGBUS: [libjvm.so+0x5d2630], sa_mask[0]=0x7ffbfeff, sa_flags=0x10000004
SIGFPE: [libjvm.so+0x4ab9d0], sa_mask[0]=0x7ffbfeff, sa_flags=0x10000004
SIGPIPE: [libjvm.so+0x4ab9d0], sa_mask[0]=0x7ffbfeff, sa_flags=0x10000004
SIGXFSZ: [libjvm.so+0x4ab9d0], sa_mask[0]=0x7ffbfeff, sa_flags=0x10000004
SIGILL: [libjvm.so+0x4ab9d0], sa_mask[0]=0x7ffbfeff, sa_flags=0x10000004
SIGUSR1: SIG_DFL, sa_mask[0]=0x00000000, sa_flags=0x00000000
SIGUSR2: [libjvm.so+0x4ab380], sa_mask[0]=0x00000000, sa_flags=0x10000004
SIGHUP: SIG_DFL, sa_mask[0]=0x00000000, sa_flags=0x00000000
SIGINT: SIG_DFL, sa_mask[0]=0x00000000, sa_flags=0x00000000
SIGTERM: SIG_DFL, sa_mask[0]=0x00000000, sa_flags=0x00000000
SIGQUIT: SIG_DFL, sa_mask[0]=0x00000000, sa_flags=0x00000000


---------------  S Y S T E M  ---------------

OS:5.0.3

uname:Linux 2.6.26-2-amd64 #1 SMP Thu Nov 5 02:23:12 UTC 2009 x86_64
libc:glibc 2.7 NPTL 2.7 
rlimit: STACK 8192k, CORE 0k, NPROC 150, NOFILE 2048, AS 204800k
load average:1.51 1.46 1.43

CPU:total 4 (4 cores per cpu, 1 threads per core) family 6 model 15 stepping 11, cmov, cx8, fxsr, mmx, sse, sse2, sse3, ssse3

Memory: 4k page, physical 8200308k(229512k free), swap 4194296k(4193444k free)

vm_info: OpenJDK 64-Bit Server VM (1.6.0_0-b11) for linux-amd64 JRE (1.6.0_0-b11), built on Apr  9 2009 19:35:18 by "pbuilder" with gcc 4.3.2

time: Tue Mar  9 22:21:35 2010
elapsed time: 0 seconds

