#
# An unexpected error has been detected by Java Runtime Environment:
#
# java.lang.OutOfMemoryError: Cannot create GC thread. Out of system resources.
#
#  Internal Error (gcTaskThread.cpp:41), pid=19137, tid=1090685264
#  Error: Cannot create GC thread. Out of system resources.
#
# Java VM: OpenJDK 64-Bit Server VM (1.6.0_0-b11 mixed mode linux-amd64)
# If you would like to submit a bug report, please visit:
#   http://icedtea.classpath.org/bugzilla
#

---------------  T H R E A D  ---------------

Current thread (0x0000000000d49000):  JavaThread "Unknown thread" [_thread_in_vm, id=19138, stack(0x0000000040f28000,0x0000000041029000)]

Stack: [0x0000000040f28000,0x0000000041029000],  sp=0x0000000041027710,  free space=1021k
Native frames: (J=compiled Java code, j=interpreted, Vv=VM code, C=native code)
V  [libjvm.so+0x5d198f]
V  [libjvm.so+0x5d1cf1]
V  [libjvm.so+0x27e6c9]
V  [libjvm.so+0x2d5e92]
V  [libjvm.so+0x2d4aba]
V  [libjvm.so+0x4c0f64]
V  [libjvm.so+0x5aef4d]
V  [libjvm.so+0x5b1b5d]
V  [libjvm.so+0x304435]
V  [libjvm.so+0x59fae1]
V  [libjvm.so+0x34cf1d]
C  [java+0x2948]  JavaMain+0x98


---------------  P R O C E S S  ---------------

Java Threads: ( => current thread )

Other Threads:

=>0x0000000000d49000 (exited) JavaThread "Unknown thread" [_thread_in_vm, id=19138, stack(0x0000000040f28000,0x0000000041029000)]

VM state:not at safepoint (not fully initialized)

VM Mutex/Monitor currently owned by a thread: None

Dynamic libraries:
00400000-00408000 r-xp 00000000 fd:02 1622516                            /usr/lib/jvm/java-6-openjdk/jre/bin/java
00608000-00609000 rw-p 00008000 fd:02 1622516                            /usr/lib/jvm/java-6-openjdk/jre/bin/java
00d40000-00d61000 rw-p 00d40000 00:00 0                                  [heap]
40f28000-40f2b000 ---p 40f28000 00:00 0 
40f2b000-41029000 rwxp 40f2b000 00:00 0 
41a05000-41a06000 ---p 41a05000 00:00 0 
41a06000-41b06000 rwxp 41a06000 00:00 0 
7f5610c80000-7f5612140000 rwxp 7f5610c80000 00:00 0 
7f5612140000-7f5616080000 rwxp 7f5612140000 00:00 0 
7f5616080000-7f56165b0000 rwxp 7f5616080000 00:00 0 
7f56165b0000-7f5616f30000 rwxp 7f56165b0000 00:00 0 
7f5616f30000-7f5617330000 rwxp 7f5616f30000 00:00 0 
7f5617330000-7f5617680000 rwxp 7f5617330000 00:00 0 
7f5617686000-7f56178f6000 rwxp 7f5617686000 00:00 0 
7f56178f6000-7f561a686000 rwxp 7f56178f6000 00:00 0 
7f561a686000-7f561a68d000 r-xp 00000000 fd:02 1622498                    /usr/lib/jvm/java-6-openjdk/jre/lib/amd64/libzip.so
7f561a68d000-7f561a88c000 ---p 00007000 fd:02 1622498                    /usr/lib/jvm/java-6-openjdk/jre/lib/amd64/libzip.so
7f561a88c000-7f561a88d000 rw-p 00006000 fd:02 1622498                    /usr/lib/jvm/java-6-openjdk/jre/lib/amd64/libzip.so
7f561a88d000-7f561a8ba000 r-xp 00000000 fd:02 1622487                    /usr/lib/jvm/java-6-openjdk/jre/lib/amd64/libjava.so
7f561a8ba000-7f561aab9000 ---p 0002d000 fd:02 1622487                    /usr/lib/jvm/java-6-openjdk/jre/lib/amd64/libjava.so
7f561aab9000-7f561aabd000 rw-p 0002c000 fd:02 1622487                    /usr/lib/jvm/java-6-openjdk/jre/lib/amd64/libjava.so
7f561aabd000-7f561aacc000 r-xp 00000000 fd:02 1622495                    /usr/lib/jvm/java-6-openjdk/jre/lib/amd64/libverify.so
7f561aacc000-7f561accb000 ---p 0000f000 fd:02 1622495                    /usr/lib/jvm/java-6-openjdk/jre/lib/amd64/libverify.so
7f561accb000-7f561accd000 rw-p 0000e000 fd:02 1622495                    /usr/lib/jvm/java-6-openjdk/jre/lib/amd64/libverify.so
7f561accd000-7f561acd7000 r-xp 00000000 fd:00 196743                     /lib/libnss_files-2.7.so
7f561acd7000-7f561aed7000 ---p 0000a000 fd:00 196743                     /lib/libnss_files-2.7.so
7f561aed7000-7f561aed9000 rw-p 0000a000 fd:00 196743                     /lib/libnss_files-2.7.so
7f561aed9000-7f561aee2000 r-xp 00000000 fd:00 196726                     /lib/libnss_nis-2.7.so
7f561aee2000-7f561b0e2000 ---p 00009000 fd:00 196726                     /lib/libnss_nis-2.7.so
7f561b0e2000-7f561b0e4000 rw-p 00009000 fd:00 196726                     /lib/libnss_nis-2.7.so
7f561b0e4000-7f561b0eb000 r-xp 00000000 fd:00 196753                     /lib/libnss_compat-2.7.so
7f561b0eb000-7f561b2ea000 ---p 00007000 fd:00 196753                     /lib/libnss_compat-2.7.so
7f561b2ea000-7f561b2ec000 rw-p 00006000 fd:00 196753                     /lib/libnss_compat-2.7.so
7f561b2ec000-7f561b301000 r-xp 00000000 fd:00 196765                     /lib/libnsl-2.7.so
7f561b301000-7f561b500000 ---p 00015000 fd:00 196765                     /lib/libnsl-2.7.so
7f561b500000-7f561b502000 rw-p 00014000 fd:00 196765                     /lib/libnsl-2.7.so
7f561b502000-7f561b504000 rw-p 7f561b502000 00:00 0 
7f561b504000-7f561b50c000 r-xp 00000000 fd:02 1622489                    /usr/lib/jvm/java-6-openjdk/jre/lib/amd64/native_threads/libhpi.so
7f561b50c000-7f561b70b000 ---p 00008000 fd:02 1622489                    /usr/lib/jvm/java-6-openjdk/jre/lib/amd64/native_threads/libhpi.so
7f561b70b000-7f561b70d000 rw-p 00007000 fd:02 1622489                    /usr/lib/jvm/java-6-openjdk/jre/lib/amd64/native_threads/libhpi.so
7f561b70d000-7f561b715000 r-xp 00000000 fd:00 196756                     /lib/librt-2.7.so
7f561b715000-7f561b914000 ---p 00008000 fd:00 196756                     /lib/librt-2.7.so
7f561b914000-7f561b916000 rw-p 00007000 fd:00 196756                     /lib/librt-2.7.so
7f561b916000-7f561b998000 r-xp 00000000 fd:00 196792                     /lib/libm-2.7.so
7f561b998000-7f561bb97000 ---p 00082000 fd:00 196792                     /lib/libm-2.7.so
7f561bb97000-7f561bb99000 rw-p 00081000 fd:00 196792                     /lib/libm-2.7.so
7f561bb99000-7f561c290000 r-xp 00000000 fd:02 1622481                    /usr/lib/jvm/java-6-openjdk/jre/lib/amd64/server/libjvm.so
7f561c290000-7f561c48f000 ---p 006f7000 fd:02 1622481                    /usr/lib/jvm/java-6-openjdk/jre/lib/amd64/server/libjvm.so
7f561c48f000-7f561c507000 rw-p 006f6000 fd:02 1622481                    /usr/lib/jvm/java-6-openjdk/jre/lib/amd64/server/libjvm.so
7f561c507000-7f561c540000 rw-p 7f561c507000 00:00 0 
7f561c540000-7f561c68a000 r-xp 00000000 fd:00 196766                     /lib/libc-2.7.so
7f561c68a000-7f561c889000 ---p 0014a000 fd:00 196766                     /lib/libc-2.7.so
7f561c889000-7f561c88c000 r--p 00149000 fd:00 196766                     /lib/libc-2.7.so
7f561c88c000-7f561c88e000 rw-p 0014c000 fd:00 196766                     /lib/libc-2.7.so
7f561c88e000-7f561c893000 rw-p 7f561c88e000 00:00 0 
7f561c893000-7f561c895000 r-xp 00000000 fd:00 196757                     /lib/libdl-2.7.so
7f561c895000-7f561ca95000 ---p 00002000 fd:00 196757                     /lib/libdl-2.7.so
7f561ca95000-7f561ca97000 rw-p 00002000 fd:00 196757                     /lib/libdl-2.7.so
7f561ca97000-7f561ca9b000 r-xp 00000000 fd:02 1622478                    /usr/lib/jvm/java-6-openjdk/jre/lib/amd64/jli/libjli.so
7f561ca9b000-7f561cc9a000 ---p 00004000 fd:02 1622478                    /usr/lib/jvm/java-6-openjdk/jre/lib/amd64/jli/libjli.so
7f561cc9a000-7f561cc9b000 rw-p 00003000 fd:02 1622478                    /usr/lib/jvm/java-6-openjdk/jre/lib/amd64/jli/libjli.so
7f561cc9b000-7f561ccb1000 r-xp 00000000 fd:00 196790                     /lib/libpthread-2.7.so
7f561ccb1000-7f561ceb1000 ---p 00016000 fd:00 196790                     /lib/libpthread-2.7.so
7f561ceb1000-7f561ceb3000 rw-p 00016000 fd:00 196790                     /lib/libpthread-2.7.so
7f561ceb3000-7f561ceb7000 rw-p 7f561ceb3000 00:00 0 
7f561ceb7000-7f561cecd000 r-xp 00000000 fd:02 1245815                    /usr/lib/libz.so.1.2.3.3
7f561cecd000-7f561d0cd000 ---p 00016000 fd:02 1245815                    /usr/lib/libz.so.1.2.3.3
7f561d0cd000-7f561d0ce000 rw-p 00016000 fd:02 1245815                    /usr/lib/libz.so.1.2.3.3
7f561d0ce000-7f561d0ea000 r-xp 00000000 fd:00 196759                     /lib/ld-2.7.so
7f561d1b0000-7f561d1bb000 rwxp 7f561d1b0000 00:00 0 
7f561d1bb000-7f561d1da000 rwxp 7f561d1bb000 00:00 0 
7f561d1da000-7f561d1e5000 rwxp 7f561d1da000 00:00 0 
7f561d1e5000-7f561d204000 rwxp 7f561d1e5000 00:00 0 
7f561d204000-7f561d207000 rwxp 7f561d204000 00:00 0 
7f561d207000-7f561d20b000 rwxp 7f561d207000 00:00 0 
7f561d20b000-7f561d20e000 rwxp 7f561d20b000 00:00 0 
7f561d20e000-7f561d20f000 rwxp 7f561d20e000 00:00 0 
7f561d20f000-7f561d21a000 rwxp 7f561d20f000 00:00 0 
7f561d21a000-7f561d2d0000 rwxp 7f561d21a000 00:00 0 
7f561d2d0000-7f561d2d4000 rw-p 7f561d2d0000 00:00 0 
7f561d2d4000-7f561d2d7000 rwxp 7f561d2d4000 00:00 0 
7f561d2d7000-7f561d2dc000 rwxp 7f561d2d7000 00:00 0 
7f561d2dc000-7f561d2e4000 rw-s 00000000 fd:01 1277954                    /tmp/hsperfdata_lucy/19137
7f561d2e4000-7f561d2e5000 rw-p 7f561d2e4000 00:00 0 
7f561d2e5000-7f561d2e6000 r--p 7f561d2e5000 00:00 0 
7f561d2e6000-7f561d2e9000 rw-p 7f561d2e6000 00:00 0 
7f561d2e9000-7f561d2eb000 rw-p 0001b000 fd:00 196759                     /lib/ld-2.7.so
7fff9bf3b000-7fff9bf4f000 rwxp 7ffffffea000 00:00 0                      [stack]
7fff9bf4f000-7fff9bf50000 rw-p 7fffffffe000 00:00 0 
7fff9bfff000-7fff9c000000 r-xp 7fff9bfff000 00:00 0                      [vdso]
ffffffffff600000-ffffffffff601000 r-xp 00000000 00:00 0                  [vsyscall]

VM Arguments:
jvm_args: -Xmx21m 
java_command: BackEnd
Launcher Type: SUN_STANDARD

Environment Variables:
PATH=/usr/local/bin:/usr/bin:/bin:/usr/games
LD_LIBRARY_PATH=/usr/lib/jvm/java-6-openjdk/jre/lib/amd64/server:/usr/lib/jvm/java-6-openjdk/jre/lib/amd64:/usr/lib/jvm/java-6-openjdk/jre/../lib/amd64
SHELL=/bin/bash

Signal Handlers:
SIGSEGV: [libjvm.so+0x5d2630], sa_mask[0]=0x7ffbfeff, sa_flags=0x10000004
SIGBUS: [libjvm.so+0x5d2630], sa_mask[0]=0x7ffbfeff, sa_flags=0x10000004
SIGFPE: [libjvm.so+0x4ab9d0], sa_mask[0]=0x7ffbfeff, sa_flags=0x10000004
SIGPIPE: [libjvm.so+0x4ab9d0], sa_mask[0]=0x7ffbfeff, sa_flags=0x10000004
SIGXFSZ: [libjvm.so+0x4ab9d0], sa_mask[0]=0x7ffbfeff, sa_flags=0x10000004
SIGILL: [libjvm.so+0x4ab9d0], sa_mask[0]=0x7ffbfeff, sa_flags=0x10000004
SIGUSR1: SIG_DFL, sa_mask[0]=0x00000000, sa_flags=0x00000000
SIGUSR2: [libjvm.so+0x4ab380], sa_mask[0]=0x00000000, sa_flags=0x10000004
SIGHUP: SIG_DFL, sa_mask[0]=0x00000000, sa_flags=0x00000000
SIGINT: SIG_DFL, sa_mask[0]=0x00000000, sa_flags=0x00000000
SIGTERM: SIG_DFL, sa_mask[0]=0x00000000, sa_flags=0x00000000
SIGQUIT: SIG_DFL, sa_mask[0]=0x00000000, sa_flags=0x00000000


---------------  S Y S T E M  ---------------

OS:5.0.3

uname:Linux 2.6.26-2-amd64 #1 SMP Thu Nov 5 02:23:12 UTC 2009 x86_64
libc:glibc 2.7 NPTL 2.7 
rlimit: STACK 8192k, CORE 0k, NPROC 150, NOFILE 2048, AS 204800k
load average:1.51 1.46 1.43

CPU:total 4 (4 cores per cpu, 1 threads per core) family 6 model 15 stepping 11, cmov, cx8, fxsr, mmx, sse, sse2, sse3, ssse3

Memory: 4k page, physical 8200308k(190680k free), swap 4194296k(4193444k free)

vm_info: OpenJDK 64-Bit Server VM (1.6.0_0-b11) for linux-amd64 JRE (1.6.0_0-b11), built on Apr  9 2009 19:35:18 by "pbuilder" with gcc 4.3.2

time: Tue Mar  9 22:21:38 2010
elapsed time: 0 seconds

