#
# An unexpected error has been detected by Java Runtime Environment:
#
# java.lang.OutOfMemoryError: pthread_getattr_np
#
#  Internal Error (os_linux_amd64.cpp:470), pid=24591, tid=1087256912
#  Error: pthread_getattr_np
#
# Java VM: OpenJDK 64-Bit Server VM (1.6.0_0-b11 mixed mode linux-amd64)
# If you would like to submit a bug report, please visit:
#   http://icedtea.classpath.org/bugzilla
#

---------------  T H R E A D  ---------------

Current thread (0x0000000000e74c00):  GCTaskThread [stack: 0x0000000000000000,0x0000000000000000] [id=24595]

Stack: [0x0000000000000000,0x0000000000000000],  sp=0x0000000040ce28f0,  free space=1061770k
Native frames: (J=compiled Java code, j=interpreted, Vv=VM code, C=native code)
V  [libjvm.so+0x5d198f]
V  [libjvm.so+0x5d1cf1]
V  [libjvm.so+0x27e6c9]
V  [libjvm.so+0x4b070a]
V  [libjvm.so+0x4b0755]
V  [libjvm.so+0x59a771]
V  [libjvm.so+0x2d5b9c]
V  [libjvm.so+0x4aea70]


---------------  P R O C E S S  ---------------

Java Threads: ( => current thread )

Other Threads:

=>0x0000000000e74c00 (exited) GCTaskThread [stack: 0x0000000000000000,0x0000000000000000] [id=24595]

VM state:not at safepoint (not fully initialized)

VM Mutex/Monitor currently owned by a thread: None

Dynamic libraries:
00400000-00408000 r-xp 00000000 fd:02 1622516                            /usr/lib/jvm/java-6-openjdk/jre/bin/java
00608000-00609000 rw-p 00008000 fd:02 1622516                            /usr/lib/jvm/java-6-openjdk/jre/bin/java
00e5f000-00e80000 rw-p 00e5f000 00:00 0                                  [heap]
40be3000-40be4000 ---p 40be3000 00:00 0 
40be4000-40ce4000 rwxp 40be4000 00:00 0 
412d7000-412d8000 ---p 412d7000 00:00 0 
412d8000-413d8000 rwxp 412d8000 00:00 0 
413d8000-413d9000 ---p 413d8000 00:00 0 
413d9000-414d9000 rwxp 413d9000 00:00 0 
41686000-41689000 ---p 41686000 00:00 0 
41689000-41787000 rwxp 41689000 00:00 0 
41d31000-41d32000 ---p 41d31000 00:00 0 
41d32000-41e32000 rwxp 41d32000 00:00 0 
7fe6fbcc0000-7fe6fd180000 rwxp 7fe6fbcc0000 00:00 0 
7fe6fd180000-7fe7010c0000 rwxp 7fe6fd180000 00:00 0 
7fe7010c0000-7fe7015f0000 rwxp 7fe7010c0000 00:00 0 
7fe7015f0000-7fe701770000 rwxp 7fe7015f0000 00:00 0 
7fe701770000-7fe701ac0000 rwxp 7fe701770000 00:00 0 
7fe701ace000-7fe701d3e000 rwxp 7fe701ace000 00:00 0 
7fe701d3e000-7fe704ace000 rwxp 7fe701d3e000 00:00 0 
7fe704ace000-7fe704ad5000 r-xp 00000000 fd:02 1622498                    /usr/lib/jvm/java-6-openjdk/jre/lib/amd64/libzip.so
7fe704ad5000-7fe704cd4000 ---p 00007000 fd:02 1622498                    /usr/lib/jvm/java-6-openjdk/jre/lib/amd64/libzip.so
7fe704cd4000-7fe704cd5000 rw-p 00006000 fd:02 1622498                    /usr/lib/jvm/java-6-openjdk/jre/lib/amd64/libzip.so
7fe704cd5000-7fe704d02000 r-xp 00000000 fd:02 1622487                    /usr/lib/jvm/java-6-openjdk/jre/lib/amd64/libjava.so
7fe704d02000-7fe704f01000 ---p 0002d000 fd:02 1622487                    /usr/lib/jvm/java-6-openjdk/jre/lib/amd64/libjava.so
7fe704f01000-7fe704f05000 rw-p 0002c000 fd:02 1622487                    /usr/lib/jvm/java-6-openjdk/jre/lib/amd64/libjava.so
7fe704f05000-7fe704f14000 r-xp 00000000 fd:02 1622495                    /usr/lib/jvm/java-6-openjdk/jre/lib/amd64/libverify.so
7fe704f14000-7fe705113000 ---p 0000f000 fd:02 1622495                    /usr/lib/jvm/java-6-openjdk/jre/lib/amd64/libverify.so
7fe705113000-7fe705115000 rw-p 0000e000 fd:02 1622495                    /usr/lib/jvm/java-6-openjdk/jre/lib/amd64/libverify.so
7fe705115000-7fe70511f000 r-xp 00000000 fd:00 196743                     /lib/libnss_files-2.7.so
7fe70511f000-7fe70531f000 ---p 0000a000 fd:00 196743                     /lib/libnss_files-2.7.so
7fe70531f000-7fe705321000 rw-p 0000a000 fd:00 196743                     /lib/libnss_files-2.7.so
7fe705321000-7fe70532a000 r-xp 00000000 fd:00 196726                     /lib/libnss_nis-2.7.so
7fe70532a000-7fe70552a000 ---p 00009000 fd:00 196726                     /lib/libnss_nis-2.7.so
7fe70552a000-7fe70552c000 rw-p 00009000 fd:00 196726                     /lib/libnss_nis-2.7.so
7fe70552c000-7fe705533000 r-xp 00000000 fd:00 196753                     /lib/libnss_compat-2.7.so
7fe705533000-7fe705732000 ---p 00007000 fd:00 196753                     /lib/libnss_compat-2.7.so
7fe705732000-7fe705734000 rw-p 00006000 fd:00 196753                     /lib/libnss_compat-2.7.so
7fe705734000-7fe705749000 r-xp 00000000 fd:00 196765                     /lib/libnsl-2.7.so
7fe705749000-7fe705948000 ---p 00015000 fd:00 196765                     /lib/libnsl-2.7.so
7fe705948000-7fe70594a000 rw-p 00014000 fd:00 196765                     /lib/libnsl-2.7.so
7fe70594a000-7fe70594c000 rw-p 7fe70594a000 00:00 0 
7fe70594c000-7fe705954000 r-xp 00000000 fd:02 1622489                    /usr/lib/jvm/java-6-openjdk/jre/lib/amd64/native_threads/libhpi.so
7fe705954000-7fe705b53000 ---p 00008000 fd:02 1622489                    /usr/lib/jvm/java-6-openjdk/jre/lib/amd64/native_threads/libhpi.so
7fe705b53000-7fe705b55000 rw-p 00007000 fd:02 1622489                    /usr/lib/jvm/java-6-openjdk/jre/lib/amd64/native_threads/libhpi.so
7fe705b55000-7fe705b5d000 r-xp 00000000 fd:00 196756                     /lib/librt-2.7.so
7fe705b5d000-7fe705d5c000 ---p 00008000 fd:00 196756                     /lib/librt-2.7.so
7fe705d5c000-7fe705d5e000 rw-p 00007000 fd:00 196756                     /lib/librt-2.7.so
7fe705d5e000-7fe705de0000 r-xp 00000000 fd:00 196792                     /lib/libm-2.7.so
7fe705de0000-7fe705fdf000 ---p 00082000 fd:00 196792                     /lib/libm-2.7.so
7fe705fdf000-7fe705fe1000 rw-p 00081000 fd:00 196792                     /lib/libm-2.7.so
7fe705fe1000-7fe7066d8000 r-xp 00000000 fd:02 1622481                    /usr/lib/jvm/java-6-openjdk/jre/lib/amd64/server/libjvm.so
7fe7066d8000-7fe7068d7000 ---p 006f7000 fd:02 1622481                    /usr/lib/jvm/java-6-openjdk/jre/lib/amd64/server/libjvm.so
7fe7068d7000-7fe70694f000 rw-p 006f6000 fd:02 1622481                    /usr/lib/jvm/java-6-openjdk/jre/lib/amd64/server/libjvm.so
7fe70694f000-7fe706988000 rw-p 7fe70694f000 00:00 0 
7fe706988000-7fe706ad2000 r-xp 00000000 fd:00 196766                     /lib/libc-2.7.so
7fe706ad2000-7fe706cd1000 ---p 0014a000 fd:00 196766                     /lib/libc-2.7.so
7fe706cd1000-7fe706cd4000 r--p 00149000 fd:00 196766                     /lib/libc-2.7.so
7fe706cd4000-7fe706cd6000 rw-p 0014c000 fd:00 196766                     /lib/libc-2.7.so
7fe706cd6000-7fe706cdb000 rw-p 7fe706cd6000 00:00 0 
7fe706cdb000-7fe706cdd000 r-xp 00000000 fd:00 196757                     /lib/libdl-2.7.so
7fe706cdd000-7fe706edd000 ---p 00002000 fd:00 196757                     /lib/libdl-2.7.so
7fe706edd000-7fe706edf000 rw-p 00002000 fd:00 196757                     /lib/libdl-2.7.so
7fe706edf000-7fe706ee3000 r-xp 00000000 fd:02 1622478                    /usr/lib/jvm/java-6-openjdk/jre/lib/amd64/jli/libjli.so
7fe706ee3000-7fe7070e2000 ---p 00004000 fd:02 1622478                    /usr/lib/jvm/java-6-openjdk/jre/lib/amd64/jli/libjli.so
7fe7070e2000-7fe7070e3000 rw-p 00003000 fd:02 1622478                    /usr/lib/jvm/java-6-openjdk/jre/lib/amd64/jli/libjli.so
7fe7070e3000-7fe7070f9000 r-xp 00000000 fd:00 196790                     /lib/libpthread-2.7.so
7fe7070f9000-7fe7072f9000 ---p 00016000 fd:00 196790                     /lib/libpthread-2.7.so
7fe7072f9000-7fe7072fb000 rw-p 00016000 fd:00 196790                     /lib/libpthread-2.7.so
7fe7072fb000-7fe7072ff000 rw-p 7fe7072fb000 00:00 0 
7fe7072ff000-7fe707315000 r-xp 00000000 fd:02 1245815                    /usr/lib/libz.so.1.2.3.3
7fe707315000-7fe707515000 ---p 00016000 fd:02 1245815                    /usr/lib/libz.so.1.2.3.3
7fe707515000-7fe707516000 rw-p 00016000 fd:02 1245815                    /usr/lib/libz.so.1.2.3.3
7fe707516000-7fe707532000 r-xp 00000000 fd:00 196759                     /lib/ld-2.7.so
7fe7075d6000-7fe7075fe000 rw-p 7fe7075d6000 00:00 0 
7fe7075fe000-7fe707609000 rwxp 7fe7075fe000 00:00 0 
7fe707609000-7fe707628000 rwxp 7fe707609000 00:00 0 
7fe707628000-7fe707633000 rwxp 7fe707628000 00:00 0 
7fe707633000-7fe707652000 rwxp 7fe707633000 00:00 0 
7fe707652000-7fe707662000 rwxp 7fe707652000 00:00 0 
7fe707662000-7fe707718000 rwxp 7fe707662000 00:00 0 
7fe707718000-7fe70771c000 rw-p 7fe707718000 00:00 0 
7fe707720000-7fe707723000 rwxp 7fe707720000 00:00 0 
7fe707723000-7fe707724000 rwxp 7fe707723000 00:00 0 
7fe707724000-7fe70772c000 rw-s 00000000 fd:01 1277954                    /tmp/hsperfdata_lucy/24591
7fe70772c000-7fe70772d000 rw-p 7fe70772c000 00:00 0 
7fe70772d000-7fe70772e000 r--p 7fe70772d000 00:00 0 
7fe70772e000-7fe707731000 rw-p 7fe70772e000 00:00 0 
7fe707731000-7fe707733000 rw-p 0001b000 fd:00 196759                     /lib/ld-2.7.so
7fffcfb00000-7fffcfb14000 rwxp 7ffffffea000 00:00 0                      [stack]
7fffcfb14000-7fffcfb15000 rw-p 7fffffffe000 00:00 0 
7fffcfbff000-7fffcfc00000 r-xp 7fffcfbff000 00:00 0                      [vdso]
ffffffffff600000-ffffffffff601000 r-xp 00000000 00:00 0                  [vsyscall]

VM Arguments:
jvm_args: -Xmx10M 
java_command: BackEnd
Launcher Type: SUN_STANDARD

Environment Variables:
PATH=/usr/local/bin:/usr/bin:/bin:/usr/games
LD_LIBRARY_PATH=/usr/lib/jvm/java-6-openjdk/jre/lib/amd64/server:/usr/lib/jvm/java-6-openjdk/jre/lib/amd64:/usr/lib/jvm/java-6-openjdk/jre/../lib/amd64
SHELL=/bin/bash

Signal Handlers:
SIGSEGV: [libjvm.so+0x5d2630], sa_mask[0]=0x7ffbfeff, sa_flags=0x10000004
SIGBUS: [libjvm.so+0x5d2630], sa_mask[0]=0x7ffbfeff, sa_flags=0x10000004
SIGFPE: [libjvm.so+0x4ab9d0], sa_mask[0]=0x7ffbfeff, sa_flags=0x10000004
SIGPIPE: [libjvm.so+0x4ab9d0], sa_mask[0]=0x7ffbfeff, sa_flags=0x10000004
SIGXFSZ: [libjvm.so+0x4ab9d0], sa_mask[0]=0x7ffbfeff, sa_flags=0x10000004
SIGILL: [libjvm.so+0x4ab9d0], sa_mask[0]=0x7ffbfeff, sa_flags=0x10000004
SIGUSR1: SIG_DFL, sa_mask[0]=0x00000000, sa_flags=0x00000000
SIGUSR2: [libjvm.so+0x4ab380], sa_mask[0]=0x00000000, sa_flags=0x10000004
SIGHUP: SIG_DFL, sa_mask[0]=0x00000000, sa_flags=0x00000000
SIGINT: SIG_DFL, sa_mask[0]=0x00000000, sa_flags=0x00000000
SIGTERM: SIG_DFL, sa_mask[0]=0x00000000, sa_flags=0x00000000
SIGQUIT: SIG_DFL, sa_mask[0]=0x00000000, sa_flags=0x00000000


---------------  S Y S T E M  ---------------

OS:5.0.3

uname:Linux 2.6.26-2-amd64 #1 SMP Thu Nov 5 02:23:12 UTC 2009 x86_64
libc:glibc 2.7 NPTL 2.7 
rlimit: STACK 8192k, CORE 0k, NPROC 150, NOFILE 2048, AS 204800k
load average:1.20 1.22 1.27

CPU:total 4 (4 cores per cpu, 1 threads per core) family 6 model 15 stepping 11, cmov, cx8, fxsr, mmx, sse, sse2, sse3, ssse3

Memory: 4k page, physical 8200308k(196452k free), swap 4194296k(4193444k free)

vm_info: OpenJDK 64-Bit Server VM (1.6.0_0-b11) for linux-amd64 JRE (1.6.0_0-b11), built on Apr  9 2009 19:35:18 by "pbuilder" with gcc 4.3.2

time: Tue Mar  9 21:28:37 2010
elapsed time: 0 seconds

