#
# An unexpected error has been detected by Java Runtime Environment:
#
# java.lang.OutOfMemoryError: pthread_getattr_np
#
#  Internal Error (os_linux_amd64.cpp:470), pid=18916, tid=1079900496
#  Error: pthread_getattr_np
#
# Java VM: OpenJDK 64-Bit Server VM (1.6.0_0-b11 mixed mode linux-amd64)
# If you would like to submit a bug report, please visit:
#   http://icedtea.classpath.org/bugzilla
#

---------------  T H R E A D  ---------------

Current thread (0x000000000160ac00):  GCTaskThread [stack: 0x0000000000000000,0x0000000000000000] [id=18920]

Stack: [0x0000000000000000,0x0000000000000000],  sp=0x00000000405de870,  free space=1054586k
Native frames: (J=compiled Java code, j=interpreted, Vv=VM code, C=native code)
V  [libjvm.so+0x5d198f]
V  [libjvm.so+0x5d1cf1]
V  [libjvm.so+0x27e6c9]
V  [libjvm.so+0x4b070a]
V  [libjvm.so+0x4b0755]
V  [libjvm.so+0x59a771]
V  [libjvm.so+0x2d5b9c]
V  [libjvm.so+0x4aea70]


---------------  P R O C E S S  ---------------

Java Threads: ( => current thread )

Other Threads:

=>0x000000000160ac00 (exited) GCTaskThread [stack: 0x0000000000000000,0x0000000000000000] [id=18920]

VM state:not at safepoint (not fully initialized)

VM Mutex/Monitor currently owned by a thread: None

Dynamic libraries:
00400000-00408000 r-xp 00000000 fd:02 1622516                            /usr/lib/jvm/java-6-openjdk/jre/bin/java
00608000-00609000 rw-p 00008000 fd:02 1622516                            /usr/lib/jvm/java-6-openjdk/jre/bin/java
015f5000-01616000 rw-p 015f5000 00:00 0                                  [heap]
4027d000-4027e000 ---p 4027d000 00:00 0 
4027e000-4037e000 rwxp 4027e000 00:00 0 
403de000-403df000 ---p 403de000 00:00 0 
403df000-404df000 rwxp 403df000 00:00 0 
404df000-404e0000 ---p 404df000 00:00 0 
404e0000-405e0000 rwxp 404e0000 00:00 0 
41747000-4174a000 ---p 41747000 00:00 0 
4174a000-41848000 rwxp 4174a000 00:00 0 
41848000-41849000 ---p 41848000 00:00 0 
41849000-41949000 rwxp 41849000 00:00 0 
7ff975de0000-7ff9772a0000 rwxp 7ff975de0000 00:00 0 
7ff9772a0000-7ff97b1e0000 rwxp 7ff9772a0000 00:00 0 
7ff97b1e0000-7ff97b710000 rwxp 7ff97b1e0000 00:00 0 
7ff97b710000-7ff97bde0000 rwxp 7ff97b710000 00:00 0 
7ff97bde0000-7ff97c1e0000 rwxp 7ff97bde0000 00:00 0 
7ff97c1e0000-7ff97c3e0000 rwxp 7ff97c1e0000 00:00 0 
7ff97c3ef000-7ff97c65f000 rwxp 7ff97c3ef000 00:00 0 
7ff97c65f000-7ff97f3ef000 rwxp 7ff97c65f000 00:00 0 
7ff97f3ef000-7ff97f3f6000 r-xp 00000000 fd:02 1622498                    /usr/lib/jvm/java-6-openjdk/jre/lib/amd64/libzip.so
7ff97f3f6000-7ff97f5f5000 ---p 00007000 fd:02 1622498                    /usr/lib/jvm/java-6-openjdk/jre/lib/amd64/libzip.so
7ff97f5f5000-7ff97f5f6000 rw-p 00006000 fd:02 1622498                    /usr/lib/jvm/java-6-openjdk/jre/lib/amd64/libzip.so
7ff97f5f6000-7ff97f623000 r-xp 00000000 fd:02 1622487                    /usr/lib/jvm/java-6-openjdk/jre/lib/amd64/libjava.so
7ff97f623000-7ff97f822000 ---p 0002d000 fd:02 1622487                    /usr/lib/jvm/java-6-openjdk/jre/lib/amd64/libjava.so
7ff97f822000-7ff97f826000 rw-p 0002c000 fd:02 1622487                    /usr/lib/jvm/java-6-openjdk/jre/lib/amd64/libjava.so
7ff97f826000-7ff97f835000 r-xp 00000000 fd:02 1622495                    /usr/lib/jvm/java-6-openjdk/jre/lib/amd64/libverify.so
7ff97f835000-7ff97fa34000 ---p 0000f000 fd:02 1622495                    /usr/lib/jvm/java-6-openjdk/jre/lib/amd64/libverify.so
7ff97fa34000-7ff97fa36000 rw-p 0000e000 fd:02 1622495                    /usr/lib/jvm/java-6-openjdk/jre/lib/amd64/libverify.so
7ff97fa36000-7ff97fa40000 r-xp 00000000 fd:00 196743                     /lib/libnss_files-2.7.so
7ff97fa40000-7ff97fc40000 ---p 0000a000 fd:00 196743                     /lib/libnss_files-2.7.so
7ff97fc40000-7ff97fc42000 rw-p 0000a000 fd:00 196743                     /lib/libnss_files-2.7.so
7ff97fc42000-7ff97fc4b000 r-xp 00000000 fd:00 196726                     /lib/libnss_nis-2.7.so
7ff97fc4b000-7ff97fe4b000 ---p 00009000 fd:00 196726                     /lib/libnss_nis-2.7.so
7ff97fe4b000-7ff97fe4d000 rw-p 00009000 fd:00 196726                     /lib/libnss_nis-2.7.so
7ff97fe4d000-7ff97fe54000 r-xp 00000000 fd:00 196753                     /lib/libnss_compat-2.7.so
7ff97fe54000-7ff980053000 ---p 00007000 fd:00 196753                     /lib/libnss_compat-2.7.so
7ff980053000-7ff980055000 rw-p 00006000 fd:00 196753                     /lib/libnss_compat-2.7.so
7ff980055000-7ff98006a000 r-xp 00000000 fd:00 196765                     /lib/libnsl-2.7.so
7ff98006a000-7ff980269000 ---p 00015000 fd:00 196765                     /lib/libnsl-2.7.so
7ff980269000-7ff98026b000 rw-p 00014000 fd:00 196765                     /lib/libnsl-2.7.so
7ff98026b000-7ff98026d000 rw-p 7ff98026b000 00:00 0 
7ff98026d000-7ff980275000 r-xp 00000000 fd:02 1622489                    /usr/lib/jvm/java-6-openjdk/jre/lib/amd64/native_threads/libhpi.so
7ff980275000-7ff980474000 ---p 00008000 fd:02 1622489                    /usr/lib/jvm/java-6-openjdk/jre/lib/amd64/native_threads/libhpi.so
7ff980474000-7ff980476000 rw-p 00007000 fd:02 1622489                    /usr/lib/jvm/java-6-openjdk/jre/lib/amd64/native_threads/libhpi.so
7ff980476000-7ff98047e000 r-xp 00000000 fd:00 196756                     /lib/librt-2.7.so
7ff98047e000-7ff98067d000 ---p 00008000 fd:00 196756                     /lib/librt-2.7.so
7ff98067d000-7ff98067f000 rw-p 00007000 fd:00 196756                     /lib/librt-2.7.so
7ff98067f000-7ff980701000 r-xp 00000000 fd:00 196792                     /lib/libm-2.7.so
7ff980701000-7ff980900000 ---p 00082000 fd:00 196792                     /lib/libm-2.7.so
7ff980900000-7ff980902000 rw-p 00081000 fd:00 196792                     /lib/libm-2.7.so
7ff980902000-7ff980ff9000 r-xp 00000000 fd:02 1622481                    /usr/lib/jvm/java-6-openjdk/jre/lib/amd64/server/libjvm.so
7ff980ff9000-7ff9811f8000 ---p 006f7000 fd:02 1622481                    /usr/lib/jvm/java-6-openjdk/jre/lib/amd64/server/libjvm.so
7ff9811f8000-7ff981270000 rw-p 006f6000 fd:02 1622481                    /usr/lib/jvm/java-6-openjdk/jre/lib/amd64/server/libjvm.so
7ff981270000-7ff9812a9000 rw-p 7ff981270000 00:00 0 
7ff9812a9000-7ff9813f3000 r-xp 00000000 fd:00 196766                     /lib/libc-2.7.so
7ff9813f3000-7ff9815f2000 ---p 0014a000 fd:00 196766                     /lib/libc-2.7.so
7ff9815f2000-7ff9815f5000 r--p 00149000 fd:00 196766                     /lib/libc-2.7.so
7ff9815f5000-7ff9815f7000 rw-p 0014c000 fd:00 196766                     /lib/libc-2.7.so
7ff9815f7000-7ff9815fc000 rw-p 7ff9815f7000 00:00 0 
7ff9815fc000-7ff9815fe000 r-xp 00000000 fd:00 196757                     /lib/libdl-2.7.so
7ff9815fe000-7ff9817fe000 ---p 00002000 fd:00 196757                     /lib/libdl-2.7.so
7ff9817fe000-7ff981800000 rw-p 00002000 fd:00 196757                     /lib/libdl-2.7.so
7ff981800000-7ff981804000 r-xp 00000000 fd:02 1622478                    /usr/lib/jvm/java-6-openjdk/jre/lib/amd64/jli/libjli.so
7ff981804000-7ff981a03000 ---p 00004000 fd:02 1622478                    /usr/lib/jvm/java-6-openjdk/jre/lib/amd64/jli/libjli.so
7ff981a03000-7ff981a04000 rw-p 00003000 fd:02 1622478                    /usr/lib/jvm/java-6-openjdk/jre/lib/amd64/jli/libjli.so
7ff981a04000-7ff981a1a000 r-xp 00000000 fd:00 196790                     /lib/libpthread-2.7.so
7ff981a1a000-7ff981c1a000 ---p 00016000 fd:00 196790                     /lib/libpthread-2.7.so
7ff981c1a000-7ff981c1c000 rw-p 00016000 fd:00 196790                     /lib/libpthread-2.7.so
7ff981c1c000-7ff981c20000 rw-p 7ff981c1c000 00:00 0 
7ff981c20000-7ff981c36000 r-xp 00000000 fd:02 1245815                    /usr/lib/libz.so.1.2.3.3
7ff981c36000-7ff981e36000 ---p 00016000 fd:02 1245815                    /usr/lib/libz.so.1.2.3.3
7ff981e36000-7ff981e37000 rw-p 00016000 fd:02 1245815                    /usr/lib/libz.so.1.2.3.3
7ff981e37000-7ff981e53000 r-xp 00000000 fd:00 196759                     /lib/ld-2.7.so
7ff981ef3000-7ff981f1b000 rw-p 7ff981ef3000 00:00 0 
7ff981f1b000-7ff981f26000 rwxp 7ff981f1b000 00:00 0 
7ff981f26000-7ff981f45000 rwxp 7ff981f26000 00:00 0 
7ff981f45000-7ff981f50000 rwxp 7ff981f45000 00:00 0 
7ff981f50000-7ff981f6f000 rwxp 7ff981f50000 00:00 0 
7ff981f6f000-7ff981f72000 rwxp 7ff981f6f000 00:00 0 
7ff981f72000-7ff981f75000 rwxp 7ff981f72000 00:00 0 
7ff981f75000-7ff981f77000 rwxp 7ff981f75000 00:00 0 
7ff981f77000-7ff981f78000 rwxp 7ff981f77000 00:00 0 
7ff981f78000-7ff981f83000 rwxp 7ff981f78000 00:00 0 
7ff981f83000-7ff982039000 rwxp 7ff981f83000 00:00 0 
7ff982039000-7ff98203d000 rw-p 7ff982039000 00:00 0 
7ff98203f000-7ff982042000 rwxp 7ff98203f000 00:00 0 
7ff982042000-7ff982045000 rwxp 7ff982042000 00:00 0 
7ff982045000-7ff98204d000 rw-s 00000000 fd:01 1277954                    /tmp/hsperfdata_lucy/18916
7ff98204d000-7ff98204e000 rw-p 7ff98204d000 00:00 0 
7ff98204e000-7ff98204f000 r--p 7ff98204e000 00:00 0 
7ff98204f000-7ff982052000 rw-p 7ff98204f000 00:00 0 
7ff982052000-7ff982054000 rw-p 0001b000 fd:00 196759                     /lib/ld-2.7.so
7fff41a0e000-7fff41a22000 rwxp 7ffffffea000 00:00 0                      [stack]
7fff41a22000-7fff41a23000 rw-p 7fffffffe000 00:00 0 
7fff41b86000-7fff41b87000 r-xp 7fff41b86000 00:00 0                      [vdso]
ffffffffff600000-ffffffffff601000 r-xp 00000000 00:00 0                  [vsyscall]

VM Arguments:
jvm_args: -Xmx17m 
java_command: BackEnd
Launcher Type: SUN_STANDARD

Environment Variables:
PATH=/usr/local/bin:/usr/bin:/bin:/usr/games
LD_LIBRARY_PATH=/usr/lib/jvm/java-6-openjdk/jre/lib/amd64/server:/usr/lib/jvm/java-6-openjdk/jre/lib/amd64:/usr/lib/jvm/java-6-openjdk/jre/../lib/amd64
SHELL=/bin/bash

Signal Handlers:
SIGSEGV: [libjvm.so+0x5d2630], sa_mask[0]=0x7ffbfeff, sa_flags=0x10000004
SIGBUS: [libjvm.so+0x5d2630], sa_mask[0]=0x7ffbfeff, sa_flags=0x10000004
SIGFPE: [libjvm.so+0x4ab9d0], sa_mask[0]=0x7ffbfeff, sa_flags=0x10000004
SIGPIPE: [libjvm.so+0x4ab9d0], sa_mask[0]=0x7ffbfeff, sa_flags=0x10000004
SIGXFSZ: [libjvm.so+0x4ab9d0], sa_mask[0]=0x7ffbfeff, sa_flags=0x10000004
SIGILL: [libjvm.so+0x4ab9d0], sa_mask[0]=0x7ffbfeff, sa_flags=0x10000004
SIGUSR1: SIG_DFL, sa_mask[0]=0x00000000, sa_flags=0x00000000
SIGUSR2: [libjvm.so+0x4ab380], sa_mask[0]=0x00000000, sa_flags=0x10000004
SIGHUP: SIG_DFL, sa_mask[0]=0x00000000, sa_flags=0x00000000
SIGINT: SIG_DFL, sa_mask[0]=0x00000000, sa_flags=0x00000000
SIGTERM: SIG_DFL, sa_mask[0]=0x00000000, sa_flags=0x00000000
SIGQUIT: SIG_DFL, sa_mask[0]=0x00000000, sa_flags=0x00000000


---------------  S Y S T E M  ---------------

OS:5.0.3

uname:Linux 2.6.26-2-amd64 #1 SMP Thu Nov 5 02:23:12 UTC 2009 x86_64
libc:glibc 2.7 NPTL 2.7 
rlimit: STACK 8192k, CORE 0k, NPROC 150, NOFILE 2048, AS 204800k
load average:1.48 1.45 1.42

CPU:total 4 (4 cores per cpu, 1 threads per core) family 6 model 15 stepping 11, cmov, cx8, fxsr, mmx, sse, sse2, sse3, ssse3

Memory: 4k page, physical 8200308k(237896k free), swap 4194296k(4193444k free)

vm_info: OpenJDK 64-Bit Server VM (1.6.0_0-b11) for linux-amd64 JRE (1.6.0_0-b11), built on Apr  9 2009 19:35:18 by "pbuilder" with gcc 4.3.2

time: Tue Mar  9 22:21:19 2010
elapsed time: 0 seconds

