#
# An unexpected error has been detected by Java Runtime Environment:
#
# java.lang.OutOfMemoryError: Cannot create GC thread. Out of system resources.
#
#  Internal Error (gcTaskThread.cpp:41), pid=19201, tid=1081678160
#  Error: Cannot create GC thread. Out of system resources.
#
# Java VM: OpenJDK 64-Bit Server VM (1.6.0_0-b11 mixed mode linux-amd64)
# If you would like to submit a bug report, please visit:
#   http://icedtea.classpath.org/bugzilla
#

---------------  T H R E A D  ---------------

Current thread (0x0000000000d5e000):  JavaThread "Unknown thread" [_thread_in_vm, id=19202, stack(0x0000000040691000,0x0000000040792000)]

Stack: [0x0000000040691000,0x0000000040792000],  sp=0x0000000040790710,  free space=1021k
Native frames: (J=compiled Java code, j=interpreted, Vv=VM code, C=native code)
V  [libjvm.so+0x5d198f]
V  [libjvm.so+0x5d1cf1]
V  [libjvm.so+0x27e6c9]
V  [libjvm.so+0x2d5e92]
V  [libjvm.so+0x2d4aba]
V  [libjvm.so+0x4c0f64]
V  [libjvm.so+0x5aef4d]
V  [libjvm.so+0x5b1b5d]
V  [libjvm.so+0x304435]
V  [libjvm.so+0x59fae1]
V  [libjvm.so+0x34cf1d]
C  [java+0x2948]  JavaMain+0x98


---------------  P R O C E S S  ---------------

Java Threads: ( => current thread )

Other Threads:

=>0x0000000000d5e000 (exited) JavaThread "Unknown thread" [_thread_in_vm, id=19202, stack(0x0000000040691000,0x0000000040792000)]

VM state:not at safepoint (not fully initialized)

VM Mutex/Monitor currently owned by a thread: None

Dynamic libraries:
00400000-00408000 r-xp 00000000 fd:02 1622516                            /usr/lib/jvm/java-6-openjdk/jre/bin/java
00608000-00609000 rw-p 00008000 fd:02 1622516                            /usr/lib/jvm/java-6-openjdk/jre/bin/java
00d55000-00d76000 rw-p 00d55000 00:00 0                                  [heap]
4030d000-4030e000 ---p 4030d000 00:00 0 
4030e000-4040e000 rwxp 4030e000 00:00 0 
40691000-40694000 ---p 40691000 00:00 0 
40694000-40792000 rwxp 40694000 00:00 0 
7fa24a480000-7fa24b940000 rwxp 7fa24a480000 00:00 0 
7fa24b940000-7fa24f880000 rwxp 7fa24b940000 00:00 0 
7fa24f880000-7fa24fdb0000 rwxp 7fa24f880000 00:00 0 
7fa24fdb0000-7fa250730000 rwxp 7fa24fdb0000 00:00 0 
7fa250730000-7fa250b30000 rwxp 7fa250730000 00:00 0 
7fa250b30000-7fa250e80000 rwxp 7fa250b30000 00:00 0 
7fa250e8b000-7fa2510fb000 rwxp 7fa250e8b000 00:00 0 
7fa2510fb000-7fa253e8b000 rwxp 7fa2510fb000 00:00 0 
7fa253e8b000-7fa253e92000 r-xp 00000000 fd:02 1622498                    /usr/lib/jvm/java-6-openjdk/jre/lib/amd64/libzip.so
7fa253e92000-7fa254091000 ---p 00007000 fd:02 1622498                    /usr/lib/jvm/java-6-openjdk/jre/lib/amd64/libzip.so
7fa254091000-7fa254092000 rw-p 00006000 fd:02 1622498                    /usr/lib/jvm/java-6-openjdk/jre/lib/amd64/libzip.so
7fa254092000-7fa2540bf000 r-xp 00000000 fd:02 1622487                    /usr/lib/jvm/java-6-openjdk/jre/lib/amd64/libjava.so
7fa2540bf000-7fa2542be000 ---p 0002d000 fd:02 1622487                    /usr/lib/jvm/java-6-openjdk/jre/lib/amd64/libjava.so
7fa2542be000-7fa2542c2000 rw-p 0002c000 fd:02 1622487                    /usr/lib/jvm/java-6-openjdk/jre/lib/amd64/libjava.so
7fa2542c2000-7fa2542d1000 r-xp 00000000 fd:02 1622495                    /usr/lib/jvm/java-6-openjdk/jre/lib/amd64/libverify.so
7fa2542d1000-7fa2544d0000 ---p 0000f000 fd:02 1622495                    /usr/lib/jvm/java-6-openjdk/jre/lib/amd64/libverify.so
7fa2544d0000-7fa2544d2000 rw-p 0000e000 fd:02 1622495                    /usr/lib/jvm/java-6-openjdk/jre/lib/amd64/libverify.so
7fa2544d2000-7fa2544dc000 r-xp 00000000 fd:00 196743                     /lib/libnss_files-2.7.so
7fa2544dc000-7fa2546dc000 ---p 0000a000 fd:00 196743                     /lib/libnss_files-2.7.so
7fa2546dc000-7fa2546de000 rw-p 0000a000 fd:00 196743                     /lib/libnss_files-2.7.so
7fa2546de000-7fa2546e7000 r-xp 00000000 fd:00 196726                     /lib/libnss_nis-2.7.so
7fa2546e7000-7fa2548e7000 ---p 00009000 fd:00 196726                     /lib/libnss_nis-2.7.so
7fa2548e7000-7fa2548e9000 rw-p 00009000 fd:00 196726                     /lib/libnss_nis-2.7.so
7fa2548e9000-7fa2548f0000 r-xp 00000000 fd:00 196753                     /lib/libnss_compat-2.7.so
7fa2548f0000-7fa254aef000 ---p 00007000 fd:00 196753                     /lib/libnss_compat-2.7.so
7fa254aef000-7fa254af1000 rw-p 00006000 fd:00 196753                     /lib/libnss_compat-2.7.so
7fa254af1000-7fa254b06000 r-xp 00000000 fd:00 196765                     /lib/libnsl-2.7.so
7fa254b06000-7fa254d05000 ---p 00015000 fd:00 196765                     /lib/libnsl-2.7.so
7fa254d05000-7fa254d07000 rw-p 00014000 fd:00 196765                     /lib/libnsl-2.7.so
7fa254d07000-7fa254d09000 rw-p 7fa254d07000 00:00 0 
7fa254d09000-7fa254d11000 r-xp 00000000 fd:02 1622489                    /usr/lib/jvm/java-6-openjdk/jre/lib/amd64/native_threads/libhpi.so
7fa254d11000-7fa254f10000 ---p 00008000 fd:02 1622489                    /usr/lib/jvm/java-6-openjdk/jre/lib/amd64/native_threads/libhpi.so
7fa254f10000-7fa254f12000 rw-p 00007000 fd:02 1622489                    /usr/lib/jvm/java-6-openjdk/jre/lib/amd64/native_threads/libhpi.so
7fa254f12000-7fa254f1a000 r-xp 00000000 fd:00 196756                     /lib/librt-2.7.so
7fa254f1a000-7fa255119000 ---p 00008000 fd:00 196756                     /lib/librt-2.7.so
7fa255119000-7fa25511b000 rw-p 00007000 fd:00 196756                     /lib/librt-2.7.so
7fa25511b000-7fa25519d000 r-xp 00000000 fd:00 196792                     /lib/libm-2.7.so
7fa25519d000-7fa25539c000 ---p 00082000 fd:00 196792                     /lib/libm-2.7.so
7fa25539c000-7fa25539e000 rw-p 00081000 fd:00 196792                     /lib/libm-2.7.so
7fa25539e000-7fa255a95000 r-xp 00000000 fd:02 1622481                    /usr/lib/jvm/java-6-openjdk/jre/lib/amd64/server/libjvm.so
7fa255a95000-7fa255c94000 ---p 006f7000 fd:02 1622481                    /usr/lib/jvm/java-6-openjdk/jre/lib/amd64/server/libjvm.so
7fa255c94000-7fa255d0c000 rw-p 006f6000 fd:02 1622481                    /usr/lib/jvm/java-6-openjdk/jre/lib/amd64/server/libjvm.so
7fa255d0c000-7fa255d45000 rw-p 7fa255d0c000 00:00 0 
7fa255d45000-7fa255e8f000 r-xp 00000000 fd:00 196766                     /lib/libc-2.7.so
7fa255e8f000-7fa25608e000 ---p 0014a000 fd:00 196766                     /lib/libc-2.7.so
7fa25608e000-7fa256091000 r--p 00149000 fd:00 196766                     /lib/libc-2.7.so
7fa256091000-7fa256093000 rw-p 0014c000 fd:00 196766                     /lib/libc-2.7.so
7fa256093000-7fa256098000 rw-p 7fa256093000 00:00 0 
7fa256098000-7fa25609a000 r-xp 00000000 fd:00 196757                     /lib/libdl-2.7.so
7fa25609a000-7fa25629a000 ---p 00002000 fd:00 196757                     /lib/libdl-2.7.so
7fa25629a000-7fa25629c000 rw-p 00002000 fd:00 196757                     /lib/libdl-2.7.so
7fa25629c000-7fa2562a0000 r-xp 00000000 fd:02 1622478                    /usr/lib/jvm/java-6-openjdk/jre/lib/amd64/jli/libjli.so
7fa2562a0000-7fa25649f000 ---p 00004000 fd:02 1622478                    /usr/lib/jvm/java-6-openjdk/jre/lib/amd64/jli/libjli.so
7fa25649f000-7fa2564a0000 rw-p 00003000 fd:02 1622478                    /usr/lib/jvm/java-6-openjdk/jre/lib/amd64/jli/libjli.so
7fa2564a0000-7fa2564b6000 r-xp 00000000 fd:00 196790                     /lib/libpthread-2.7.so
7fa2564b6000-7fa2566b6000 ---p 00016000 fd:00 196790                     /lib/libpthread-2.7.so
7fa2566b6000-7fa2566b8000 rw-p 00016000 fd:00 196790                     /lib/libpthread-2.7.so
7fa2566b8000-7fa2566bc000 rw-p 7fa2566b8000 00:00 0 
7fa2566bc000-7fa2566d2000 r-xp 00000000 fd:02 1245815                    /usr/lib/libz.so.1.2.3.3
7fa2566d2000-7fa2568d2000 ---p 00016000 fd:02 1245815                    /usr/lib/libz.so.1.2.3.3
7fa2568d2000-7fa2568d3000 rw-p 00016000 fd:02 1245815                    /usr/lib/libz.so.1.2.3.3
7fa2568d3000-7fa2568ef000 r-xp 00000000 fd:00 196759                     /lib/ld-2.7.so
7fa2569b5000-7fa2569c0000 rwxp 7fa2569b5000 00:00 0 
7fa2569c0000-7fa2569df000 rwxp 7fa2569c0000 00:00 0 
7fa2569df000-7fa2569ea000 rwxp 7fa2569df000 00:00 0 
7fa2569ea000-7fa256a09000 rwxp 7fa2569ea000 00:00 0 
7fa256a09000-7fa256a0c000 rwxp 7fa256a09000 00:00 0 
7fa256a0c000-7fa256a10000 rwxp 7fa256a0c000 00:00 0 
7fa256a10000-7fa256a13000 rwxp 7fa256a10000 00:00 0 
7fa256a13000-7fa256a14000 rwxp 7fa256a13000 00:00 0 
7fa256a14000-7fa256a1f000 rwxp 7fa256a14000 00:00 0 
7fa256a1f000-7fa256ad5000 rwxp 7fa256a1f000 00:00 0 
7fa256ad5000-7fa256ad9000 rw-p 7fa256ad5000 00:00 0 
7fa256ad9000-7fa256adc000 rwxp 7fa256ad9000 00:00 0 
7fa256adc000-7fa256ae1000 rwxp 7fa256adc000 00:00 0 
7fa256ae1000-7fa256ae9000 rw-s 00000000 fd:01 1277954                    /tmp/hsperfdata_lucy/19201
7fa256ae9000-7fa256aea000 rw-p 7fa256ae9000 00:00 0 
7fa256aea000-7fa256aeb000 r--p 7fa256aea000 00:00 0 
7fa256aeb000-7fa256aee000 rw-p 7fa256aeb000 00:00 0 
7fa256aee000-7fa256af0000 rw-p 0001b000 fd:00 196759                     /lib/ld-2.7.so
7fffe85fd000-7fffe8612000 rwxp 7ffffffea000 00:00 0                      [stack]
7fffe87a9000-7fffe87aa000 r-xp 7fffe87a9000 00:00 0                      [vdso]
ffffffffff600000-ffffffffff601000 r-xp 00000000 00:00 0                  [vsyscall]

VM Arguments:
jvm_args: -Xmx22m 
java_command: BackEnd
Launcher Type: SUN_STANDARD

Environment Variables:
PATH=/usr/local/bin:/usr/bin:/bin:/usr/games
LD_LIBRARY_PATH=/usr/lib/jvm/java-6-openjdk/jre/lib/amd64/server:/usr/lib/jvm/java-6-openjdk/jre/lib/amd64:/usr/lib/jvm/java-6-openjdk/jre/../lib/amd64
SHELL=/bin/bash

Signal Handlers:
SIGSEGV: [libjvm.so+0x5d2630], sa_mask[0]=0x7ffbfeff, sa_flags=0x10000004
SIGBUS: [libjvm.so+0x5d2630], sa_mask[0]=0x7ffbfeff, sa_flags=0x10000004
SIGFPE: [libjvm.so+0x4ab9d0], sa_mask[0]=0x7ffbfeff, sa_flags=0x10000004
SIGPIPE: [libjvm.so+0x4ab9d0], sa_mask[0]=0x7ffbfeff, sa_flags=0x10000004
SIGXFSZ: [libjvm.so+0x4ab9d0], sa_mask[0]=0x7ffbfeff, sa_flags=0x10000004
SIGILL: [libjvm.so+0x4ab9d0], sa_mask[0]=0x7ffbfeff, sa_flags=0x10000004
SIGUSR1: SIG_DFL, sa_mask[0]=0x00000000, sa_flags=0x00000000
SIGUSR2: [libjvm.so+0x4ab380], sa_mask[0]=0x00000000, sa_flags=0x10000004
SIGHUP: SIG_DFL, sa_mask[0]=0x00000000, sa_flags=0x00000000
SIGINT: SIG_DFL, sa_mask[0]=0x00000000, sa_flags=0x00000000
SIGTERM: SIG_DFL, sa_mask[0]=0x00000000, sa_flags=0x00000000
SIGQUIT: SIG_DFL, sa_mask[0]=0x00000000, sa_flags=0x00000000


---------------  S Y S T E M  ---------------

OS:5.0.3

uname:Linux 2.6.26-2-amd64 #1 SMP Thu Nov 5 02:23:12 UTC 2009 x86_64
libc:glibc 2.7 NPTL 2.7 
rlimit: STACK 8192k, CORE 0k, NPROC 150, NOFILE 2048, AS 204800k
load average:1.50 1.46 1.43

CPU:total 4 (4 cores per cpu, 1 threads per core) family 6 model 15 stepping 11, cmov, cx8, fxsr, mmx, sse, sse2, sse3, ssse3

Memory: 4k page, physical 8200308k(210228k free), swap 4194296k(4193444k free)

vm_info: OpenJDK 64-Bit Server VM (1.6.0_0-b11) for linux-amd64 JRE (1.6.0_0-b11), built on Apr  9 2009 19:35:18 by "pbuilder" with gcc 4.3.2

time: Tue Mar  9 22:21:48 2010
elapsed time: 0 seconds

