#
# An unexpected error has been detected by Java Runtime Environment:
#
# java.lang.OutOfMemoryError: Cannot create GC thread. Out of system resources.
#
#  Internal Error (gcTaskThread.cpp:41), pid=18961, tid=1082071376
#  Error: Cannot create GC thread. Out of system resources.
#
# Java VM: OpenJDK 64-Bit Server VM (1.6.0_0-b11 mixed mode linux-amd64)
# If you would like to submit a bug report, please visit:
#   http://icedtea.classpath.org/bugzilla
#

---------------  T H R E A D  ---------------

Current thread (0x00000000015e7000):  JavaThread "Unknown thread" [_thread_in_vm, id=18962, stack(0x00000000406f1000,0x00000000407f2000)]

Stack: [0x00000000406f1000,0x00000000407f2000],  sp=0x00000000407f0710,  free space=1021k
Native frames: (J=compiled Java code, j=interpreted, Vv=VM code, C=native code)
V  [libjvm.so+0x5d198f]
V  [libjvm.so+0x5d1cf1]
V  [libjvm.so+0x27e6c9]
V  [libjvm.so+0x2d5e92]
V  [libjvm.so+0x2d4aba]
V  [libjvm.so+0x4c0f64]
V  [libjvm.so+0x5aef4d]
V  [libjvm.so+0x5b1b5d]
V  [libjvm.so+0x304435]
V  [libjvm.so+0x59fae1]
V  [libjvm.so+0x34cf1d]
C  [java+0x2948]  JavaMain+0x98


---------------  P R O C E S S  ---------------

Java Threads: ( => current thread )

Other Threads:

=>0x00000000015e7000 (exited) JavaThread "Unknown thread" [_thread_in_vm, id=18962, stack(0x00000000406f1000,0x00000000407f2000)]

VM state:not at safepoint (not fully initialized)

VM Mutex/Monitor currently owned by a thread: None

Dynamic libraries:
00400000-00408000 r-xp 00000000 fd:02 1622516                            /usr/lib/jvm/java-6-openjdk/jre/bin/java
00608000-00609000 rw-p 00008000 fd:02 1622516                            /usr/lib/jvm/java-6-openjdk/jre/bin/java
015de000-015ff000 rw-p 015de000 00:00 0                                  [heap]
406f1000-406f4000 ---p 406f1000 00:00 0 
406f4000-407f2000 rwxp 406f4000 00:00 0 
407f2000-407f3000 ---p 407f2000 00:00 0 
407f3000-408f3000 rwxp 407f3000 00:00 0 
414ce000-414cf000 ---p 414ce000 00:00 0 
414cf000-415cf000 rwxp 414cf000 00:00 0 
419f5000-419f6000 ---p 419f5000 00:00 0 
419f6000-41af6000 rwxp 419f6000 00:00 0 
7fc639040000-7fc63a500000 rwxp 7fc639040000 00:00 0 
7fc63a500000-7fc63e440000 rwxp 7fc63a500000 00:00 0 
7fc63e440000-7fc63e970000 rwxp 7fc63e440000 00:00 0 
7fc63e970000-7fc63f1a0000 rwxp 7fc63e970000 00:00 0 
7fc63f1a0000-7fc63f5a0000 rwxp 7fc63f1a0000 00:00 0 
7fc63f5a0000-7fc63f840000 rwxp 7fc63f5a0000 00:00 0 
7fc63f84c000-7fc63fabc000 rwxp 7fc63f84c000 00:00 0 
7fc63fabc000-7fc64284c000 rwxp 7fc63fabc000 00:00 0 
7fc64284c000-7fc642853000 r-xp 00000000 fd:02 1622498                    /usr/lib/jvm/java-6-openjdk/jre/lib/amd64/libzip.so
7fc642853000-7fc642a52000 ---p 00007000 fd:02 1622498                    /usr/lib/jvm/java-6-openjdk/jre/lib/amd64/libzip.so
7fc642a52000-7fc642a53000 rw-p 00006000 fd:02 1622498                    /usr/lib/jvm/java-6-openjdk/jre/lib/amd64/libzip.so
7fc642a53000-7fc642a80000 r-xp 00000000 fd:02 1622487                    /usr/lib/jvm/java-6-openjdk/jre/lib/amd64/libjava.so
7fc642a80000-7fc642c7f000 ---p 0002d000 fd:02 1622487                    /usr/lib/jvm/java-6-openjdk/jre/lib/amd64/libjava.so
7fc642c7f000-7fc642c83000 rw-p 0002c000 fd:02 1622487                    /usr/lib/jvm/java-6-openjdk/jre/lib/amd64/libjava.so
7fc642c83000-7fc642c92000 r-xp 00000000 fd:02 1622495                    /usr/lib/jvm/java-6-openjdk/jre/lib/amd64/libverify.so
7fc642c92000-7fc642e91000 ---p 0000f000 fd:02 1622495                    /usr/lib/jvm/java-6-openjdk/jre/lib/amd64/libverify.so
7fc642e91000-7fc642e93000 rw-p 0000e000 fd:02 1622495                    /usr/lib/jvm/java-6-openjdk/jre/lib/amd64/libverify.so
7fc642e93000-7fc642e9d000 r-xp 00000000 fd:00 196743                     /lib/libnss_files-2.7.so
7fc642e9d000-7fc64309d000 ---p 0000a000 fd:00 196743                     /lib/libnss_files-2.7.so
7fc64309d000-7fc64309f000 rw-p 0000a000 fd:00 196743                     /lib/libnss_files-2.7.so
7fc64309f000-7fc6430a8000 r-xp 00000000 fd:00 196726                     /lib/libnss_nis-2.7.so
7fc6430a8000-7fc6432a8000 ---p 00009000 fd:00 196726                     /lib/libnss_nis-2.7.so
7fc6432a8000-7fc6432aa000 rw-p 00009000 fd:00 196726                     /lib/libnss_nis-2.7.so
7fc6432aa000-7fc6432b1000 r-xp 00000000 fd:00 196753                     /lib/libnss_compat-2.7.so
7fc6432b1000-7fc6434b0000 ---p 00007000 fd:00 196753                     /lib/libnss_compat-2.7.so
7fc6434b0000-7fc6434b2000 rw-p 00006000 fd:00 196753                     /lib/libnss_compat-2.7.so
7fc6434b2000-7fc6434c7000 r-xp 00000000 fd:00 196765                     /lib/libnsl-2.7.so
7fc6434c7000-7fc6436c6000 ---p 00015000 fd:00 196765                     /lib/libnsl-2.7.so
7fc6436c6000-7fc6436c8000 rw-p 00014000 fd:00 196765                     /lib/libnsl-2.7.so
7fc6436c8000-7fc6436ca000 rw-p 7fc6436c8000 00:00 0 
7fc6436ca000-7fc6436d2000 r-xp 00000000 fd:02 1622489                    /usr/lib/jvm/java-6-openjdk/jre/lib/amd64/native_threads/libhpi.so
7fc6436d2000-7fc6438d1000 ---p 00008000 fd:02 1622489                    /usr/lib/jvm/java-6-openjdk/jre/lib/amd64/native_threads/libhpi.so
7fc6438d1000-7fc6438d3000 rw-p 00007000 fd:02 1622489                    /usr/lib/jvm/java-6-openjdk/jre/lib/amd64/native_threads/libhpi.so
7fc6438d3000-7fc6438db000 r-xp 00000000 fd:00 196756                     /lib/librt-2.7.so
7fc6438db000-7fc643ada000 ---p 00008000 fd:00 196756                     /lib/librt-2.7.so
7fc643ada000-7fc643adc000 rw-p 00007000 fd:00 196756                     /lib/librt-2.7.so
7fc643adc000-7fc643b5e000 r-xp 00000000 fd:00 196792                     /lib/libm-2.7.so
7fc643b5e000-7fc643d5d000 ---p 00082000 fd:00 196792                     /lib/libm-2.7.so
7fc643d5d000-7fc643d5f000 rw-p 00081000 fd:00 196792                     /lib/libm-2.7.so
7fc643d5f000-7fc644456000 r-xp 00000000 fd:02 1622481                    /usr/lib/jvm/java-6-openjdk/jre/lib/amd64/server/libjvm.so
7fc644456000-7fc644655000 ---p 006f7000 fd:02 1622481                    /usr/lib/jvm/java-6-openjdk/jre/lib/amd64/server/libjvm.so
7fc644655000-7fc6446cd000 rw-p 006f6000 fd:02 1622481                    /usr/lib/jvm/java-6-openjdk/jre/lib/amd64/server/libjvm.so
7fc6446cd000-7fc644706000 rw-p 7fc6446cd000 00:00 0 
7fc644706000-7fc644850000 r-xp 00000000 fd:00 196766                     /lib/libc-2.7.so
7fc644850000-7fc644a4f000 ---p 0014a000 fd:00 196766                     /lib/libc-2.7.so
7fc644a4f000-7fc644a52000 r--p 00149000 fd:00 196766                     /lib/libc-2.7.so
7fc644a52000-7fc644a54000 rw-p 0014c000 fd:00 196766                     /lib/libc-2.7.so
7fc644a54000-7fc644a59000 rw-p 7fc644a54000 00:00 0 
7fc644a59000-7fc644a5b000 r-xp 00000000 fd:00 196757                     /lib/libdl-2.7.so
7fc644a5b000-7fc644c5b000 ---p 00002000 fd:00 196757                     /lib/libdl-2.7.so
7fc644c5b000-7fc644c5d000 rw-p 00002000 fd:00 196757                     /lib/libdl-2.7.so
7fc644c5d000-7fc644c61000 r-xp 00000000 fd:02 1622478                    /usr/lib/jvm/java-6-openjdk/jre/lib/amd64/jli/libjli.so
7fc644c61000-7fc644e60000 ---p 00004000 fd:02 1622478                    /usr/lib/jvm/java-6-openjdk/jre/lib/amd64/jli/libjli.so
7fc644e60000-7fc644e61000 rw-p 00003000 fd:02 1622478                    /usr/lib/jvm/java-6-openjdk/jre/lib/amd64/jli/libjli.so
7fc644e61000-7fc644e77000 r-xp 00000000 fd:00 196790                     /lib/libpthread-2.7.so
7fc644e77000-7fc645077000 ---p 00016000 fd:00 196790                     /lib/libpthread-2.7.so
7fc645077000-7fc645079000 rw-p 00016000 fd:00 196790                     /lib/libpthread-2.7.so
7fc645079000-7fc64507d000 rw-p 7fc645079000 00:00 0 
7fc64507d000-7fc645093000 r-xp 00000000 fd:02 1245815                    /usr/lib/libz.so.1.2.3.3
7fc645093000-7fc645293000 ---p 00016000 fd:02 1245815                    /usr/lib/libz.so.1.2.3.3
7fc645293000-7fc645294000 rw-p 00016000 fd:02 1245815                    /usr/lib/libz.so.1.2.3.3
7fc645294000-7fc6452b0000 r-xp 00000000 fd:00 196759                     /lib/ld-2.7.so
7fc645377000-7fc645382000 rwxp 7fc645377000 00:00 0 
7fc645382000-7fc6453a1000 rwxp 7fc645382000 00:00 0 
7fc6453a1000-7fc6453ac000 rwxp 7fc6453a1000 00:00 0 
7fc6453ac000-7fc6453cb000 rwxp 7fc6453ac000 00:00 0 
7fc6453cb000-7fc6453ce000 rwxp 7fc6453cb000 00:00 0 
7fc6453ce000-7fc6453d1000 rwxp 7fc6453ce000 00:00 0 
7fc6453d1000-7fc6453d4000 rwxp 7fc6453d1000 00:00 0 
7fc6453d4000-7fc6453d5000 rwxp 7fc6453d4000 00:00 0 
7fc6453d5000-7fc6453e0000 rwxp 7fc6453d5000 00:00 0 
7fc6453e0000-7fc645496000 rwxp 7fc6453e0000 00:00 0 
7fc645496000-7fc64549a000 rw-p 7fc645496000 00:00 0 
7fc64549b000-7fc64549e000 rwxp 7fc64549b000 00:00 0 
7fc64549e000-7fc6454a2000 rwxp 7fc64549e000 00:00 0 
7fc6454a2000-7fc6454aa000 rw-s 00000000 fd:01 1277954                    /tmp/hsperfdata_lucy/18961
7fc6454aa000-7fc6454ab000 rw-p 7fc6454aa000 00:00 0 
7fc6454ab000-7fc6454ac000 r--p 7fc6454ab000 00:00 0 
7fc6454ac000-7fc6454af000 rw-p 7fc6454ac000 00:00 0 
7fc6454af000-7fc6454b1000 rw-p 0001b000 fd:00 196759                     /lib/ld-2.7.so
7fffa12bf000-7fffa12d4000 rwxp 7ffffffea000 00:00 0                      [stack]
7fffa13bb000-7fffa13bc000 r-xp 7fffa13bb000 00:00 0                      [vdso]
ffffffffff600000-ffffffffff601000 r-xp 00000000 00:00 0                  [vsyscall]

VM Arguments:
jvm_args: -Xmx20m 
java_command: BackEnd
Launcher Type: SUN_STANDARD

Environment Variables:
PATH=/usr/local/bin:/usr/bin:/bin:/usr/games
LD_LIBRARY_PATH=/usr/lib/jvm/java-6-openjdk/jre/lib/amd64/server:/usr/lib/jvm/java-6-openjdk/jre/lib/amd64:/usr/lib/jvm/java-6-openjdk/jre/../lib/amd64
SHELL=/bin/bash

Signal Handlers:
SIGSEGV: [libjvm.so+0x5d2630], sa_mask[0]=0x7ffbfeff, sa_flags=0x10000004
SIGBUS: [libjvm.so+0x5d2630], sa_mask[0]=0x7ffbfeff, sa_flags=0x10000004
SIGFPE: [libjvm.so+0x4ab9d0], sa_mask[0]=0x7ffbfeff, sa_flags=0x10000004
SIGPIPE: [libjvm.so+0x4ab9d0], sa_mask[0]=0x7ffbfeff, sa_flags=0x10000004
SIGXFSZ: [libjvm.so+0x4ab9d0], sa_mask[0]=0x7ffbfeff, sa_flags=0x10000004
SIGILL: [libjvm.so+0x4ab9d0], sa_mask[0]=0x7ffbfeff, sa_flags=0x10000004
SIGUSR1: SIG_DFL, sa_mask[0]=0x00000000, sa_flags=0x00000000
SIGUSR2: [libjvm.so+0x4ab380], sa_mask[0]=0x00000000, sa_flags=0x10000004
SIGHUP: SIG_DFL, sa_mask[0]=0x00000000, sa_flags=0x00000000
SIGINT: SIG_DFL, sa_mask[0]=0x00000000, sa_flags=0x00000000
SIGTERM: SIG_DFL, sa_mask[0]=0x00000000, sa_flags=0x00000000
SIGQUIT: SIG_DFL, sa_mask[0]=0x00000000, sa_flags=0x00000000


---------------  S Y S T E M  ---------------

OS:5.0.3

uname:Linux 2.6.26-2-amd64 #1 SMP Thu Nov 5 02:23:12 UTC 2009 x86_64
libc:glibc 2.7 NPTL 2.7 
rlimit: STACK 8192k, CORE 0k, NPROC 150, NOFILE 2048, AS 204800k
load average:1.60 1.47 1.43

CPU:total 4 (4 cores per cpu, 1 threads per core) family 6 model 15 stepping 11, cmov, cx8, fxsr, mmx, sse, sse2, sse3, ssse3

Memory: 4k page, physical 8200308k(213056k free), swap 4194296k(4193444k free)

vm_info: OpenJDK 64-Bit Server VM (1.6.0_0-b11) for linux-amd64 JRE (1.6.0_0-b11), built on Apr  9 2009 19:35:18 by "pbuilder" with gcc 4.3.2

time: Tue Mar  9 22:21:24 2010
elapsed time: 0 seconds

