#
# An unexpected error has been detected by Java Runtime Environment:
#
# java.lang.OutOfMemoryError: pthread_getattr_np
#
#  Internal Error (os_linux_amd64.cpp:470), pid=24477, tid=1077958992
#  Error: pthread_getattr_np
#
# Java VM: OpenJDK 64-Bit Server VM (1.6.0_0-b11 mixed mode linux-amd64)
# If you would like to submit a bug report, please visit:
#   http://icedtea.classpath.org/bugzilla
#

---------------  T H R E A D  ---------------

Current thread (0x00000000008d0c00):  GCTaskThread [stack: 0x0000000000000000,0x0000000000000000] [id=24483]

Stack: [0x0000000000000000,0x0000000000000000],  sp=0x00000000404047f0,  free space=1052689k
Native frames: (J=compiled Java code, j=interpreted, Vv=VM code, C=native code)
V  [libjvm.so+0x5d198f]
V  [libjvm.so+0x5d1cf1]
V  [libjvm.so+0x27e6c9]
V  [libjvm.so+0x4b070a]
V  [libjvm.so+0x4b0755]
V  [libjvm.so+0x59a771]
V  [libjvm.so+0x2d5b9c]
V  [libjvm.so+0x4aea70]


---------------  P R O C E S S  ---------------

Java Threads: ( => current thread )

Other Threads:

=>0x00000000008d0c00 (exited) GCTaskThread [stack: 0x0000000000000000,0x0000000000000000] [id=24483]

VM state:not at safepoint (not fully initialized)

VM Mutex/Monitor currently owned by a thread: None

Dynamic libraries:
00400000-00408000 r-xp 00000000 fd:02 1622516                            /usr/lib/jvm/java-6-openjdk/jre/bin/java
00608000-00609000 rw-p 00008000 fd:02 1622516                            /usr/lib/jvm/java-6-openjdk/jre/bin/java
008bb000-008dc000 rw-p 008bb000 00:00 0                                  [heap]
40305000-40306000 ---p 40305000 00:00 0 
40306000-40406000 rwxp 40306000 00:00 0 
4068a000-4068b000 ---p 4068a000 00:00 0 
4068b000-4078b000 rwxp 4068b000 00:00 0 
40bd5000-40bd6000 ---p 40bd5000 00:00 0 
40bd6000-40cd6000 rwxp 40bd6000 00:00 0 
40da2000-40da5000 ---p 40da2000 00:00 0 
40da5000-40ea3000 rwxp 40da5000 00:00 0 
41076000-41077000 ---p 41076000 00:00 0 
41077000-41177000 rwxp 41077000 00:00 0 
7f0bdc630000-7f0bddaf0000 rwxp 7f0bdc630000 00:00 0 
7f0bddaf0000-7f0be1a30000 rwxp 7f0bddaf0000 00:00 0 
7f0be1a30000-7f0be1f60000 rwxp 7f0be1a30000 00:00 0 
7f0be1f60000-7f0be1f90000 rwxp 7f0be1f60000 00:00 0 
7f0be1f90000-7f0be2230000 rwxp 7f0be1f90000 00:00 0 
7f0be2239000-7f0be24a9000 rwxp 7f0be2239000 00:00 0 
7f0be24a9000-7f0be5239000 rwxp 7f0be24a9000 00:00 0 
7f0be5239000-7f0be5240000 r-xp 00000000 fd:02 1622498                    /usr/lib/jvm/java-6-openjdk/jre/lib/amd64/libzip.so
7f0be5240000-7f0be543f000 ---p 00007000 fd:02 1622498                    /usr/lib/jvm/java-6-openjdk/jre/lib/amd64/libzip.so
7f0be543f000-7f0be5440000 rw-p 00006000 fd:02 1622498                    /usr/lib/jvm/java-6-openjdk/jre/lib/amd64/libzip.so
7f0be5440000-7f0be546d000 r-xp 00000000 fd:02 1622487                    /usr/lib/jvm/java-6-openjdk/jre/lib/amd64/libjava.so
7f0be546d000-7f0be566c000 ---p 0002d000 fd:02 1622487                    /usr/lib/jvm/java-6-openjdk/jre/lib/amd64/libjava.so
7f0be566c000-7f0be5670000 rw-p 0002c000 fd:02 1622487                    /usr/lib/jvm/java-6-openjdk/jre/lib/amd64/libjava.so
7f0be5670000-7f0be567f000 r-xp 00000000 fd:02 1622495                    /usr/lib/jvm/java-6-openjdk/jre/lib/amd64/libverify.so
7f0be567f000-7f0be587e000 ---p 0000f000 fd:02 1622495                    /usr/lib/jvm/java-6-openjdk/jre/lib/amd64/libverify.so
7f0be587e000-7f0be5880000 rw-p 0000e000 fd:02 1622495                    /usr/lib/jvm/java-6-openjdk/jre/lib/amd64/libverify.so
7f0be5880000-7f0be588a000 r-xp 00000000 fd:00 196743                     /lib/libnss_files-2.7.so
7f0be588a000-7f0be5a8a000 ---p 0000a000 fd:00 196743                     /lib/libnss_files-2.7.so
7f0be5a8a000-7f0be5a8c000 rw-p 0000a000 fd:00 196743                     /lib/libnss_files-2.7.so
7f0be5a8c000-7f0be5a95000 r-xp 00000000 fd:00 196726                     /lib/libnss_nis-2.7.so
7f0be5a95000-7f0be5c95000 ---p 00009000 fd:00 196726                     /lib/libnss_nis-2.7.so
7f0be5c95000-7f0be5c97000 rw-p 00009000 fd:00 196726                     /lib/libnss_nis-2.7.so
7f0be5c97000-7f0be5c9e000 r-xp 00000000 fd:00 196753                     /lib/libnss_compat-2.7.so
7f0be5c9e000-7f0be5e9d000 ---p 00007000 fd:00 196753                     /lib/libnss_compat-2.7.so
7f0be5e9d000-7f0be5e9f000 rw-p 00006000 fd:00 196753                     /lib/libnss_compat-2.7.so
7f0be5e9f000-7f0be5eb4000 r-xp 00000000 fd:00 196765                     /lib/libnsl-2.7.so
7f0be5eb4000-7f0be60b3000 ---p 00015000 fd:00 196765                     /lib/libnsl-2.7.so
7f0be60b3000-7f0be60b5000 rw-p 00014000 fd:00 196765                     /lib/libnsl-2.7.so
7f0be60b5000-7f0be60b7000 rw-p 7f0be60b5000 00:00 0 
7f0be60b7000-7f0be60bf000 r-xp 00000000 fd:02 1622489                    /usr/lib/jvm/java-6-openjdk/jre/lib/amd64/native_threads/libhpi.so
7f0be60bf000-7f0be62be000 ---p 00008000 fd:02 1622489                    /usr/lib/jvm/java-6-openjdk/jre/lib/amd64/native_threads/libhpi.so
7f0be62be000-7f0be62c0000 rw-p 00007000 fd:02 1622489                    /usr/lib/jvm/java-6-openjdk/jre/lib/amd64/native_threads/libhpi.so
7f0be62c0000-7f0be62c8000 r-xp 00000000 fd:00 196756                     /lib/librt-2.7.so
7f0be62c8000-7f0be64c7000 ---p 00008000 fd:00 196756                     /lib/librt-2.7.so
7f0be64c7000-7f0be64c9000 rw-p 00007000 fd:00 196756                     /lib/librt-2.7.so
7f0be64c9000-7f0be654b000 r-xp 00000000 fd:00 196792                     /lib/libm-2.7.so
7f0be654b000-7f0be674a000 ---p 00082000 fd:00 196792                     /lib/libm-2.7.so
7f0be674a000-7f0be674c000 rw-p 00081000 fd:00 196792                     /lib/libm-2.7.so
7f0be674c000-7f0be6e43000 r-xp 00000000 fd:02 1622481                    /usr/lib/jvm/java-6-openjdk/jre/lib/amd64/server/libjvm.so
7f0be6e43000-7f0be7042000 ---p 006f7000 fd:02 1622481                    /usr/lib/jvm/java-6-openjdk/jre/lib/amd64/server/libjvm.so
7f0be7042000-7f0be70ba000 rw-p 006f6000 fd:02 1622481                    /usr/lib/jvm/java-6-openjdk/jre/lib/amd64/server/libjvm.so
7f0be70ba000-7f0be70f3000 rw-p 7f0be70ba000 00:00 0 
7f0be70f3000-7f0be723d000 r-xp 00000000 fd:00 196766                     /lib/libc-2.7.so
7f0be723d000-7f0be743c000 ---p 0014a000 fd:00 196766                     /lib/libc-2.7.so
7f0be743c000-7f0be743f000 r--p 00149000 fd:00 196766                     /lib/libc-2.7.so
7f0be743f000-7f0be7441000 rw-p 0014c000 fd:00 196766                     /lib/libc-2.7.so
7f0be7441000-7f0be7446000 rw-p 7f0be7441000 00:00 0 
7f0be7446000-7f0be7448000 r-xp 00000000 fd:00 196757                     /lib/libdl-2.7.so
7f0be7448000-7f0be7648000 ---p 00002000 fd:00 196757                     /lib/libdl-2.7.so
7f0be7648000-7f0be764a000 rw-p 00002000 fd:00 196757                     /lib/libdl-2.7.so
7f0be764a000-7f0be764e000 r-xp 00000000 fd:02 1622478                    /usr/lib/jvm/java-6-openjdk/jre/lib/amd64/jli/libjli.so
7f0be764e000-7f0be784d000 ---p 00004000 fd:02 1622478                    /usr/lib/jvm/java-6-openjdk/jre/lib/amd64/jli/libjli.so
7f0be784d000-7f0be784e000 rw-p 00003000 fd:02 1622478                    /usr/lib/jvm/java-6-openjdk/jre/lib/amd64/jli/libjli.so
7f0be784e000-7f0be7864000 r-xp 00000000 fd:00 196790                     /lib/libpthread-2.7.so
7f0be7864000-7f0be7a64000 ---p 00016000 fd:00 196790                     /lib/libpthread-2.7.so
7f0be7a64000-7f0be7a66000 rw-p 00016000 fd:00 196790                     /lib/libpthread-2.7.so
7f0be7a66000-7f0be7a6a000 rw-p 7f0be7a66000 00:00 0 
7f0be7a6a000-7f0be7a80000 r-xp 00000000 fd:02 1245815                    /usr/lib/libz.so.1.2.3.3
7f0be7a80000-7f0be7c80000 ---p 00016000 fd:02 1245815                    /usr/lib/libz.so.1.2.3.3
7f0be7c80000-7f0be7c81000 rw-p 00016000 fd:02 1245815                    /usr/lib/libz.so.1.2.3.3
7f0be7c81000-7f0be7c9d000 r-xp 00000000 fd:00 196759                     /lib/ld-2.7.so
7f0be7d42000-7f0be7d6a000 rw-p 7f0be7d42000 00:00 0 
7f0be7d6a000-7f0be7d75000 rwxp 7f0be7d6a000 00:00 0 
7f0be7d75000-7f0be7d94000 rwxp 7f0be7d75000 00:00 0 
7f0be7d94000-7f0be7d9f000 rwxp 7f0be7d94000 00:00 0 
7f0be7d9f000-7f0be7dbe000 rwxp 7f0be7d9f000 00:00 0 
7f0be7dbe000-7f0be7dcd000 rwxp 7f0be7dbe000 00:00 0 
7f0be7dcd000-7f0be7e83000 rwxp 7f0be7dcd000 00:00 0 
7f0be7e83000-7f0be7e87000 rw-p 7f0be7e83000 00:00 0 
7f0be7e8c000-7f0be7e8f000 rwxp 7f0be7e8c000 00:00 0 
7f0be7e8f000-7f0be7e97000 rw-s 00000000 fd:01 1277954                    /tmp/hsperfdata_lucy/24477
7f0be7e97000-7f0be7e98000 rw-p 7f0be7e97000 00:00 0 
7f0be7e98000-7f0be7e99000 r--p 7f0be7e98000 00:00 0 
7f0be7e99000-7f0be7e9c000 rw-p 7f0be7e99000 00:00 0 
7f0be7e9c000-7f0be7e9e000 rw-p 0001b000 fd:00 196759                     /lib/ld-2.7.so
7fffce648000-7fffce65c000 rwxp 7ffffffea000 00:00 0                      [stack]
7fffce65c000-7fffce65d000 rw-p 7fffffffe000 00:00 0 
7fffce792000-7fffce793000 r-xp 7fffce792000 00:00 0                      [vdso]
ffffffffff600000-ffffffffff601000 r-xp 00000000 00:00 0                  [vsyscall]

VM Arguments:
jvm_args: -Xmx1M 
java_command: BackEnd
Launcher Type: SUN_STANDARD

Environment Variables:
PATH=/usr/local/bin:/usr/bin:/bin:/usr/games
LD_LIBRARY_PATH=/usr/lib/jvm/java-6-openjdk/jre/lib/amd64/server:/usr/lib/jvm/java-6-openjdk/jre/lib/amd64:/usr/lib/jvm/java-6-openjdk/jre/../lib/amd64
SHELL=/bin/bash

Signal Handlers:
SIGSEGV: [libjvm.so+0x5d2630], sa_mask[0]=0x7ffbfeff, sa_flags=0x10000004
SIGBUS: [libjvm.so+0x5d2630], sa_mask[0]=0x7ffbfeff, sa_flags=0x10000004
SIGFPE: [libjvm.so+0x4ab9d0], sa_mask[0]=0x7ffbfeff, sa_flags=0x10000004
SIGPIPE: [libjvm.so+0x4ab9d0], sa_mask[0]=0x7ffbfeff, sa_flags=0x10000004
SIGXFSZ: [libjvm.so+0x4ab9d0], sa_mask[0]=0x7ffbfeff, sa_flags=0x10000004
SIGILL: [libjvm.so+0x4ab9d0], sa_mask[0]=0x7ffbfeff, sa_flags=0x10000004
SIGUSR1: SIG_DFL, sa_mask[0]=0x00000000, sa_flags=0x00000000
SIGUSR2: [libjvm.so+0x4ab380], sa_mask[0]=0x00000000, sa_flags=0x10000004
SIGHUP: SIG_DFL, sa_mask[0]=0x00000000, sa_flags=0x00000000
SIGINT: SIG_DFL, sa_mask[0]=0x00000000, sa_flags=0x00000000
SIGTERM: SIG_DFL, sa_mask[0]=0x00000000, sa_flags=0x00000000
SIGQUIT: SIG_DFL, sa_mask[0]=0x00000000, sa_flags=0x00000000


---------------  S Y S T E M  ---------------

OS:5.0.3

uname:Linux 2.6.26-2-amd64 #1 SMP Thu Nov 5 02:23:12 UTC 2009 x86_64
libc:glibc 2.7 NPTL 2.7 
rlimit: STACK 8192k, CORE 0k, NPROC 150, NOFILE 2048, AS 204800k
load average:1.25 1.23 1.27

CPU:total 4 (4 cores per cpu, 1 threads per core) family 6 model 15 stepping 11, cmov, cx8, fxsr, mmx, sse, sse2, sse3, ssse3

Memory: 4k page, physical 8200308k(194184k free), swap 4194296k(4193444k free)

vm_info: OpenJDK 64-Bit Server VM (1.6.0_0-b11) for linux-amd64 JRE (1.6.0_0-b11), built on Apr  9 2009 19:35:18 by "pbuilder" with gcc 4.3.2

time: Tue Mar  9 21:28:25 2010
elapsed time: 0 seconds

