#
# An unexpected error has been detected by Java Runtime Environment:
#
# java.lang.OutOfMemoryError: Cannot create GC thread. Out of system resources.
#
#  Internal Error (gcTaskThread.cpp:41), pid=24819, tid=1104648528
#  Error: Cannot create GC thread. Out of system resources.
#
# Java VM: OpenJDK 64-Bit Server VM (1.6.0_0-b11 mixed mode linux-amd64)
# If you would like to submit a bug report, please visit:
#   http://icedtea.classpath.org/bugzilla
#

---------------  T H R E A D  ---------------

Current thread (0x0000000002016000):  JavaThread "Unknown thread" [_thread_in_vm, id=24820, stack(0x0000000041c79000,0x0000000041d7a000)]

Stack: [0x0000000041c79000,0x0000000041d7a000],  sp=0x0000000041d78710,  free space=1021k
Native frames: (J=compiled Java code, j=interpreted, Vv=VM code, C=native code)
V  [libjvm.so+0x5d198f]
V  [libjvm.so+0x5d1cf1]
V  [libjvm.so+0x27e6c9]
V  [libjvm.so+0x2d5e92]
V  [libjvm.so+0x2d4aba]
V  [libjvm.so+0x4c0f64]
V  [libjvm.so+0x5aef4d]
V  [libjvm.so+0x5b1b5d]
V  [libjvm.so+0x304435]
V  [libjvm.so+0x59fae1]
V  [libjvm.so+0x34cf1d]
C  [java+0x2948]  JavaMain+0x98


---------------  P R O C E S S  ---------------

Java Threads: ( => current thread )

Other Threads:

=>0x0000000002016000 (exited) JavaThread "Unknown thread" [_thread_in_vm, id=24820, stack(0x0000000041c79000,0x0000000041d7a000)]

VM state:not at safepoint (not fully initialized)

VM Mutex/Monitor currently owned by a thread: None

Dynamic libraries:
00400000-00408000 r-xp 00000000 fd:02 1622516                            /usr/lib/jvm/java-6-openjdk/jre/bin/java
00608000-00609000 rw-p 00008000 fd:02 1622516                            /usr/lib/jvm/java-6-openjdk/jre/bin/java
0200d000-0202e000 rw-p 0200d000 00:00 0                                  [heap]
40c25000-40c26000 ---p 40c25000 00:00 0 
40c26000-40d26000 rwxp 40c26000 00:00 0 
41355000-41356000 ---p 41355000 00:00 0 
41356000-41456000 rwxp 41356000 00:00 0 
41559000-4155a000 ---p 41559000 00:00 0 
4155a000-4165a000 rwxp 4155a000 00:00 0 
41c79000-41c7c000 ---p 41c79000 00:00 0 
41c7c000-41d7a000 rwxp 41c7c000 00:00 0 
7f9b72360000-7f9b73820000 rwxp 7f9b72360000 00:00 0 
7f9b73820000-7f9b77760000 rwxp 7f9b73820000 00:00 0 
7f9b77760000-7f9b77c90000 rwxp 7f9b77760000 00:00 0 
7f9b77c90000-7f9b784c0000 rwxp 7f9b77c90000 00:00 0 
7f9b784c0000-7f9b788c0000 rwxp 7f9b784c0000 00:00 0 
7f9b788c0000-7f9b78b60000 rwxp 7f9b788c0000 00:00 0 
7f9b78b66000-7f9b78dd6000 rwxp 7f9b78b66000 00:00 0 
7f9b78dd6000-7f9b7bb66000 rwxp 7f9b78dd6000 00:00 0 
7f9b7bb66000-7f9b7bb6d000 r-xp 00000000 fd:02 1622498                    /usr/lib/jvm/java-6-openjdk/jre/lib/amd64/libzip.so
7f9b7bb6d000-7f9b7bd6c000 ---p 00007000 fd:02 1622498                    /usr/lib/jvm/java-6-openjdk/jre/lib/amd64/libzip.so
7f9b7bd6c000-7f9b7bd6d000 rw-p 00006000 fd:02 1622498                    /usr/lib/jvm/java-6-openjdk/jre/lib/amd64/libzip.so
7f9b7bd6d000-7f9b7bd9a000 r-xp 00000000 fd:02 1622487                    /usr/lib/jvm/java-6-openjdk/jre/lib/amd64/libjava.so
7f9b7bd9a000-7f9b7bf99000 ---p 0002d000 fd:02 1622487                    /usr/lib/jvm/java-6-openjdk/jre/lib/amd64/libjava.so
7f9b7bf99000-7f9b7bf9d000 rw-p 0002c000 fd:02 1622487                    /usr/lib/jvm/java-6-openjdk/jre/lib/amd64/libjava.so
7f9b7bf9d000-7f9b7bfac000 r-xp 00000000 fd:02 1622495                    /usr/lib/jvm/java-6-openjdk/jre/lib/amd64/libverify.so
7f9b7bfac000-7f9b7c1ab000 ---p 0000f000 fd:02 1622495                    /usr/lib/jvm/java-6-openjdk/jre/lib/amd64/libverify.so
7f9b7c1ab000-7f9b7c1ad000 rw-p 0000e000 fd:02 1622495                    /usr/lib/jvm/java-6-openjdk/jre/lib/amd64/libverify.so
7f9b7c1ad000-7f9b7c1b7000 r-xp 00000000 fd:00 196743                     /lib/libnss_files-2.7.so
7f9b7c1b7000-7f9b7c3b7000 ---p 0000a000 fd:00 196743                     /lib/libnss_files-2.7.so
7f9b7c3b7000-7f9b7c3b9000 rw-p 0000a000 fd:00 196743                     /lib/libnss_files-2.7.so
7f9b7c3b9000-7f9b7c3c2000 r-xp 00000000 fd:00 196726                     /lib/libnss_nis-2.7.so
7f9b7c3c2000-7f9b7c5c2000 ---p 00009000 fd:00 196726                     /lib/libnss_nis-2.7.so
7f9b7c5c2000-7f9b7c5c4000 rw-p 00009000 fd:00 196726                     /lib/libnss_nis-2.7.so
7f9b7c5c4000-7f9b7c5cb000 r-xp 00000000 fd:00 196753                     /lib/libnss_compat-2.7.so
7f9b7c5cb000-7f9b7c7ca000 ---p 00007000 fd:00 196753                     /lib/libnss_compat-2.7.so
7f9b7c7ca000-7f9b7c7cc000 rw-p 00006000 fd:00 196753                     /lib/libnss_compat-2.7.so
7f9b7c7cc000-7f9b7c7e1000 r-xp 00000000 fd:00 196765                     /lib/libnsl-2.7.so
7f9b7c7e1000-7f9b7c9e0000 ---p 00015000 fd:00 196765                     /lib/libnsl-2.7.so
7f9b7c9e0000-7f9b7c9e2000 rw-p 00014000 fd:00 196765                     /lib/libnsl-2.7.so
7f9b7c9e2000-7f9b7c9e4000 rw-p 7f9b7c9e2000 00:00 0 
7f9b7c9e4000-7f9b7c9ec000 r-xp 00000000 fd:02 1622489                    /usr/lib/jvm/java-6-openjdk/jre/lib/amd64/native_threads/libhpi.so
7f9b7c9ec000-7f9b7cbeb000 ---p 00008000 fd:02 1622489                    /usr/lib/jvm/java-6-openjdk/jre/lib/amd64/native_threads/libhpi.so
7f9b7cbeb000-7f9b7cbed000 rw-p 00007000 fd:02 1622489                    /usr/lib/jvm/java-6-openjdk/jre/lib/amd64/native_threads/libhpi.so
7f9b7cbed000-7f9b7cbf5000 r-xp 00000000 fd:00 196756                     /lib/librt-2.7.so
7f9b7cbf5000-7f9b7cdf4000 ---p 00008000 fd:00 196756                     /lib/librt-2.7.so
7f9b7cdf4000-7f9b7cdf6000 rw-p 00007000 fd:00 196756                     /lib/librt-2.7.so
7f9b7cdf6000-7f9b7ce78000 r-xp 00000000 fd:00 196792                     /lib/libm-2.7.so
7f9b7ce78000-7f9b7d077000 ---p 00082000 fd:00 196792                     /lib/libm-2.7.so
7f9b7d077000-7f9b7d079000 rw-p 00081000 fd:00 196792                     /lib/libm-2.7.so
7f9b7d079000-7f9b7d770000 r-xp 00000000 fd:02 1622481                    /usr/lib/jvm/java-6-openjdk/jre/lib/amd64/server/libjvm.so
7f9b7d770000-7f9b7d96f000 ---p 006f7000 fd:02 1622481                    /usr/lib/jvm/java-6-openjdk/jre/lib/amd64/server/libjvm.so
7f9b7d96f000-7f9b7d9e7000 rw-p 006f6000 fd:02 1622481                    /usr/lib/jvm/java-6-openjdk/jre/lib/amd64/server/libjvm.so
7f9b7d9e7000-7f9b7da20000 rw-p 7f9b7d9e7000 00:00 0 
7f9b7da20000-7f9b7db6a000 r-xp 00000000 fd:00 196766                     /lib/libc-2.7.so
7f9b7db6a000-7f9b7dd69000 ---p 0014a000 fd:00 196766                     /lib/libc-2.7.so
7f9b7dd69000-7f9b7dd6c000 r--p 00149000 fd:00 196766                     /lib/libc-2.7.so
7f9b7dd6c000-7f9b7dd6e000 rw-p 0014c000 fd:00 196766                     /lib/libc-2.7.so
7f9b7dd6e000-7f9b7dd73000 rw-p 7f9b7dd6e000 00:00 0 
7f9b7dd73000-7f9b7dd75000 r-xp 00000000 fd:00 196757                     /lib/libdl-2.7.so
7f9b7dd75000-7f9b7df75000 ---p 00002000 fd:00 196757                     /lib/libdl-2.7.so
7f9b7df75000-7f9b7df77000 rw-p 00002000 fd:00 196757                     /lib/libdl-2.7.so
7f9b7df77000-7f9b7df7b000 r-xp 00000000 fd:02 1622478                    /usr/lib/jvm/java-6-openjdk/jre/lib/amd64/jli/libjli.so
7f9b7df7b000-7f9b7e17a000 ---p 00004000 fd:02 1622478                    /usr/lib/jvm/java-6-openjdk/jre/lib/amd64/jli/libjli.so
7f9b7e17a000-7f9b7e17b000 rw-p 00003000 fd:02 1622478                    /usr/lib/jvm/java-6-openjdk/jre/lib/amd64/jli/libjli.so
7f9b7e17b000-7f9b7e191000 r-xp 00000000 fd:00 196790                     /lib/libpthread-2.7.so
7f9b7e191000-7f9b7e391000 ---p 00016000 fd:00 196790                     /lib/libpthread-2.7.so
7f9b7e391000-7f9b7e393000 rw-p 00016000 fd:00 196790                     /lib/libpthread-2.7.so
7f9b7e393000-7f9b7e397000 rw-p 7f9b7e393000 00:00 0 
7f9b7e397000-7f9b7e3ad000 r-xp 00000000 fd:02 1245815                    /usr/lib/libz.so.1.2.3.3
7f9b7e3ad000-7f9b7e5ad000 ---p 00016000 fd:02 1245815                    /usr/lib/libz.so.1.2.3.3
7f9b7e5ad000-7f9b7e5ae000 rw-p 00016000 fd:02 1245815                    /usr/lib/libz.so.1.2.3.3
7f9b7e5ae000-7f9b7e5ca000 r-xp 00000000 fd:00 196759                     /lib/ld-2.7.so
7f9b7e691000-7f9b7e69c000 rwxp 7f9b7e691000 00:00 0 
7f9b7e69c000-7f9b7e6bb000 rwxp 7f9b7e69c000 00:00 0 
7f9b7e6bb000-7f9b7e6c6000 rwxp 7f9b7e6bb000 00:00 0 
7f9b7e6c6000-7f9b7e6e5000 rwxp 7f9b7e6c6000 00:00 0 
7f9b7e6e5000-7f9b7e6e8000 rwxp 7f9b7e6e5000 00:00 0 
7f9b7e6e8000-7f9b7e6eb000 rwxp 7f9b7e6e8000 00:00 0 
7f9b7e6eb000-7f9b7e6ee000 rwxp 7f9b7e6eb000 00:00 0 
7f9b7e6ee000-7f9b7e6ef000 rwxp 7f9b7e6ee000 00:00 0 
7f9b7e6ef000-7f9b7e6fa000 rwxp 7f9b7e6ef000 00:00 0 
7f9b7e6fa000-7f9b7e7b0000 rwxp 7f9b7e6fa000 00:00 0 
7f9b7e7b0000-7f9b7e7b4000 rw-p 7f9b7e7b0000 00:00 0 
7f9b7e7b5000-7f9b7e7b8000 rwxp 7f9b7e7b5000 00:00 0 
7f9b7e7b8000-7f9b7e7bc000 rwxp 7f9b7e7b8000 00:00 0 
7f9b7e7bc000-7f9b7e7c4000 rw-s 00000000 fd:01 1277954                    /tmp/hsperfdata_lucy/24819
7f9b7e7c4000-7f9b7e7c5000 rw-p 7f9b7e7c4000 00:00 0 
7f9b7e7c5000-7f9b7e7c6000 r--p 7f9b7e7c5000 00:00 0 
7f9b7e7c6000-7f9b7e7c9000 rw-p 7f9b7e7c6000 00:00 0 
7f9b7e7c9000-7f9b7e7cb000 rw-p 0001b000 fd:00 196759                     /lib/ld-2.7.so
7fff7f926000-7fff7f93b000 rwxp 7ffffffea000 00:00 0                      [stack]
7fff7f9ff000-7fff7fa00000 r-xp 7fff7f9ff000 00:00 0                      [vdso]
ffffffffff600000-ffffffffff601000 r-xp 00000000 00:00 0                  [vsyscall]

VM Arguments:
jvm_args: -Xmx20M 
java_command: BackEnd
Launcher Type: SUN_STANDARD

Environment Variables:
PATH=/usr/local/bin:/usr/bin:/bin:/usr/games
LD_LIBRARY_PATH=/usr/lib/jvm/java-6-openjdk/jre/lib/amd64/server:/usr/lib/jvm/java-6-openjdk/jre/lib/amd64:/usr/lib/jvm/java-6-openjdk/jre/../lib/amd64
SHELL=/bin/bash

Signal Handlers:
SIGSEGV: [libjvm.so+0x5d2630], sa_mask[0]=0x7ffbfeff, sa_flags=0x10000004
SIGBUS: [libjvm.so+0x5d2630], sa_mask[0]=0x7ffbfeff, sa_flags=0x10000004
SIGFPE: [libjvm.so+0x4ab9d0], sa_mask[0]=0x7ffbfeff, sa_flags=0x10000004
SIGPIPE: [libjvm.so+0x4ab9d0], sa_mask[0]=0x7ffbfeff, sa_flags=0x10000004
SIGXFSZ: [libjvm.so+0x4ab9d0], sa_mask[0]=0x7ffbfeff, sa_flags=0x10000004
SIGILL: [libjvm.so+0x4ab9d0], sa_mask[0]=0x7ffbfeff, sa_flags=0x10000004
SIGUSR1: SIG_DFL, sa_mask[0]=0x00000000, sa_flags=0x00000000
SIGUSR2: [libjvm.so+0x4ab380], sa_mask[0]=0x00000000, sa_flags=0x10000004
SIGHUP: SIG_DFL, sa_mask[0]=0x00000000, sa_flags=0x00000000
SIGINT: SIG_DFL, sa_mask[0]=0x00000000, sa_flags=0x00000000
SIGTERM: SIG_DFL, sa_mask[0]=0x00000000, sa_flags=0x00000000
SIGQUIT: SIG_DFL, sa_mask[0]=0x00000000, sa_flags=0x00000000


---------------  S Y S T E M  ---------------

OS:5.0.3

uname:Linux 2.6.26-2-amd64 #1 SMP Thu Nov 5 02:23:12 UTC 2009 x86_64
libc:glibc 2.7 NPTL 2.7 
rlimit: STACK 8192k, CORE 0k, NPROC 150, NOFILE 2048, AS 204800k
load average:1.14 1.20 1.26

CPU:total 4 (4 cores per cpu, 1 threads per core) family 6 model 15 stepping 11, cmov, cx8, fxsr, mmx, sse, sse2, sse3, ssse3

Memory: 4k page, physical 8200308k(174148k free), swap 4194296k(4193444k free)

vm_info: OpenJDK 64-Bit Server VM (1.6.0_0-b11) for linux-amd64 JRE (1.6.0_0-b11), built on Apr  9 2009 19:35:18 by "pbuilder" with gcc 4.3.2

time: Tue Mar  9 21:28:58 2010
elapsed time: 0 seconds

