#
# An unexpected error has been detected by Java Runtime Environment:
#
# java.lang.OutOfMemoryError: requested 25 bytes for char in /tmp/buildd/openjdk-6-6b11/openjdk/hotspot/src/share/vm/runtime/perfData.cpp. Out of swap space?
#
#  Internal Error (allocation.inline.hpp:42), pid=18893, tid=1089472848
#  Error: char in /tmp/buildd/openjdk-6-6b11/openjdk/hotspot/src/share/vm/runtime/perfData.cpp
#
# Java VM: OpenJDK 64-Bit Server VM (1.6.0_0-b11 mixed mode linux-amd64)
# If you would like to submit a bug report, please visit:
#   http://icedtea.classpath.org/bugzilla
#

---------------  T H R E A D  ---------------

Current thread (0x0000000000cd3000):  JavaThread "Unknown thread" [_thread_in_vm, id=18894, stack(0x0000000040e00000,0x0000000040f01000)]

Stack: [0x0000000040e00000,0x0000000040f01000],  sp=0x0000000040eff890,  free space=1022k
Native frames: (J=compiled Java code, j=interpreted, Vv=VM code, C=native code)
V  [libjvm.so+0x5d198f]
V  [libjvm.so+0x5d1cf1]
V  [libjvm.so+0x27e6c9]
V  [libjvm.so+0x4d9f83]
V  [libjvm.so+0x4da201]
V  [libjvm.so+0x4dae05]
V  [libjvm.so+0x5a1624]
V  [libjvm.so+0x5a1982]
V  [libjvm.so+0x5aef64]
V  [libjvm.so+0x5b1b5d]
V  [libjvm.so+0x304435]
V  [libjvm.so+0x59fae1]
V  [libjvm.so+0x34cf1d]
C  [java+0x2948]  JavaMain+0x98


---------------  P R O C E S S  ---------------

Java Threads: ( => current thread )

Other Threads:

=>0x0000000000cd3000 (exited) JavaThread "Unknown thread" [_thread_in_vm, id=18894, stack(0x0000000040e00000,0x0000000040f01000)]

VM state:not at safepoint (not fully initialized)

VM Mutex/Monitor currently owned by a thread: None

Dynamic libraries:
00400000-00408000 r-xp 00000000 fd:02 1622516                            /usr/lib/jvm/java-6-openjdk/jre/bin/java
00608000-00609000 rw-p 00008000 fd:02 1622516                            /usr/lib/jvm/java-6-openjdk/jre/bin/java
00cca000-00ceb000 rw-p 00cca000 00:00 0                                  [heap]
401cf000-401d0000 ---p 401cf000 00:00 0 
401d0000-402d0000 rwxp 401d0000 00:00 0 
403c5000-403c6000 ---p 403c5000 00:00 0 
403c6000-404c6000 rwxp 403c6000 00:00 0 
40e00000-40e03000 ---p 40e00000 00:00 0 
40e03000-40f01000 rwxp 40e03000 00:00 0 
4176c000-4176d000 ---p 4176c000 00:00 0 
4176d000-4186d000 rwxp 4176d000 00:00 0 
41e43000-41e44000 ---p 41e43000 00:00 0 
41e44000-41f44000 rwxp 41e44000 00:00 0 
7ff88e750000-7ff88fc10000 rwxp 7ff88e750000 00:00 0 
7ff88fc10000-7ff893b50000 rwxp 7ff88fc10000 00:00 0 
7ff893b50000-7ff894080000 rwxp 7ff893b50000 00:00 0 
7ff894080000-7ff894600000 rwxp 7ff894080000 00:00 0 
7ff894600000-7ff894a00000 rwxp 7ff894600000 00:00 0 
7ff894a00000-7ff894b50000 rwxp 7ff894a00000 00:00 0 
7ff894b5c000-7ff894dcc000 rwxp 7ff894b5c000 00:00 0 
7ff894dcc000-7ff897b5c000 rwxp 7ff894dcc000 00:00 0 
7ff897b5c000-7ff897b63000 r-xp 00000000 fd:02 1622498                    /usr/lib/jvm/java-6-openjdk/jre/lib/amd64/libzip.so
7ff897b63000-7ff897d62000 ---p 00007000 fd:02 1622498                    /usr/lib/jvm/java-6-openjdk/jre/lib/amd64/libzip.so
7ff897d62000-7ff897d63000 rw-p 00006000 fd:02 1622498                    /usr/lib/jvm/java-6-openjdk/jre/lib/amd64/libzip.so
7ff897d63000-7ff897d90000 r-xp 00000000 fd:02 1622487                    /usr/lib/jvm/java-6-openjdk/jre/lib/amd64/libjava.so
7ff897d90000-7ff897f8f000 ---p 0002d000 fd:02 1622487                    /usr/lib/jvm/java-6-openjdk/jre/lib/amd64/libjava.so
7ff897f8f000-7ff897f93000 rw-p 0002c000 fd:02 1622487                    /usr/lib/jvm/java-6-openjdk/jre/lib/amd64/libjava.so
7ff897f93000-7ff897fa2000 r-xp 00000000 fd:02 1622495                    /usr/lib/jvm/java-6-openjdk/jre/lib/amd64/libverify.so
7ff897fa2000-7ff8981a1000 ---p 0000f000 fd:02 1622495                    /usr/lib/jvm/java-6-openjdk/jre/lib/amd64/libverify.so
7ff8981a1000-7ff8981a3000 rw-p 0000e000 fd:02 1622495                    /usr/lib/jvm/java-6-openjdk/jre/lib/amd64/libverify.so
7ff8981a3000-7ff8981ad000 r-xp 00000000 fd:00 196743                     /lib/libnss_files-2.7.so
7ff8981ad000-7ff8983ad000 ---p 0000a000 fd:00 196743                     /lib/libnss_files-2.7.so
7ff8983ad000-7ff8983af000 rw-p 0000a000 fd:00 196743                     /lib/libnss_files-2.7.so
7ff8983af000-7ff8983b8000 r-xp 00000000 fd:00 196726                     /lib/libnss_nis-2.7.so
7ff8983b8000-7ff8985b8000 ---p 00009000 fd:00 196726                     /lib/libnss_nis-2.7.so
7ff8985b8000-7ff8985ba000 rw-p 00009000 fd:00 196726                     /lib/libnss_nis-2.7.so
7ff8985ba000-7ff8985c1000 r-xp 00000000 fd:00 196753                     /lib/libnss_compat-2.7.so
7ff8985c1000-7ff8987c0000 ---p 00007000 fd:00 196753                     /lib/libnss_compat-2.7.so
7ff8987c0000-7ff8987c2000 rw-p 00006000 fd:00 196753                     /lib/libnss_compat-2.7.so
7ff8987c2000-7ff8987d7000 r-xp 00000000 fd:00 196765                     /lib/libnsl-2.7.so
7ff8987d7000-7ff8989d6000 ---p 00015000 fd:00 196765                     /lib/libnsl-2.7.so
7ff8989d6000-7ff8989d8000 rw-p 00014000 fd:00 196765                     /lib/libnsl-2.7.so
7ff8989d8000-7ff8989da000 rw-p 7ff8989d8000 00:00 0 
7ff8989da000-7ff8989e2000 r-xp 00000000 fd:02 1622489                    /usr/lib/jvm/java-6-openjdk/jre/lib/amd64/native_threads/libhpi.so
7ff8989e2000-7ff898be1000 ---p 00008000 fd:02 1622489                    /usr/lib/jvm/java-6-openjdk/jre/lib/amd64/native_threads/libhpi.so
7ff898be1000-7ff898be3000 rw-p 00007000 fd:02 1622489                    /usr/lib/jvm/java-6-openjdk/jre/lib/amd64/native_threads/libhpi.so
7ff898be3000-7ff898beb000 r-xp 00000000 fd:00 196756                     /lib/librt-2.7.so
7ff898beb000-7ff898dea000 ---p 00008000 fd:00 196756                     /lib/librt-2.7.so
7ff898dea000-7ff898dec000 rw-p 00007000 fd:00 196756                     /lib/librt-2.7.so
7ff898dec000-7ff898e6e000 r-xp 00000000 fd:00 196792                     /lib/libm-2.7.so
7ff898e6e000-7ff89906d000 ---p 00082000 fd:00 196792                     /lib/libm-2.7.so
7ff89906d000-7ff89906f000 rw-p 00081000 fd:00 196792                     /lib/libm-2.7.so
7ff89906f000-7ff899766000 r-xp 00000000 fd:02 1622481                    /usr/lib/jvm/java-6-openjdk/jre/lib/amd64/server/libjvm.so
7ff899766000-7ff899965000 ---p 006f7000 fd:02 1622481                    /usr/lib/jvm/java-6-openjdk/jre/lib/amd64/server/libjvm.so
7ff899965000-7ff8999dd000 rw-p 006f6000 fd:02 1622481                    /usr/lib/jvm/java-6-openjdk/jre/lib/amd64/server/libjvm.so
7ff8999dd000-7ff899a16000 rw-p 7ff8999dd000 00:00 0 
7ff899a16000-7ff899b60000 r-xp 00000000 fd:00 196766                     /lib/libc-2.7.so
7ff899b60000-7ff899d5f000 ---p 0014a000 fd:00 196766                     /lib/libc-2.7.so
7ff899d5f000-7ff899d62000 r--p 00149000 fd:00 196766                     /lib/libc-2.7.so
7ff899d62000-7ff899d64000 rw-p 0014c000 fd:00 196766                     /lib/libc-2.7.so
7ff899d64000-7ff899d69000 rw-p 7ff899d64000 00:00 0 
7ff899d69000-7ff899d6b000 r-xp 00000000 fd:00 196757                     /lib/libdl-2.7.so
7ff899d6b000-7ff899f6b000 ---p 00002000 fd:00 196757                     /lib/libdl-2.7.so
7ff899f6b000-7ff899f6d000 rw-p 00002000 fd:00 196757                     /lib/libdl-2.7.so
7ff899f6d000-7ff899f71000 r-xp 00000000 fd:02 1622478                    /usr/lib/jvm/java-6-openjdk/jre/lib/amd64/jli/libjli.so
7ff899f71000-7ff89a170000 ---p 00004000 fd:02 1622478                    /usr/lib/jvm/java-6-openjdk/jre/lib/amd64/jli/libjli.so
7ff89a170000-7ff89a171000 rw-p 00003000 fd:02 1622478                    /usr/lib/jvm/java-6-openjdk/jre/lib/amd64/jli/libjli.so
7ff89a171000-7ff89a187000 r-xp 00000000 fd:00 196790                     /lib/libpthread-2.7.so
7ff89a187000-7ff89a387000 ---p 00016000 fd:00 196790                     /lib/libpthread-2.7.so
7ff89a387000-7ff89a389000 rw-p 00016000 fd:00 196790                     /lib/libpthread-2.7.so
7ff89a389000-7ff89a38d000 rw-p 7ff89a389000 00:00 0 
7ff89a38d000-7ff89a3a3000 r-xp 00000000 fd:02 1245815                    /usr/lib/libz.so.1.2.3.3
7ff89a3a3000-7ff89a5a3000 ---p 00016000 fd:02 1245815                    /usr/lib/libz.so.1.2.3.3
7ff89a5a3000-7ff89a5a4000 rw-p 00016000 fd:02 1245815                    /usr/lib/libz.so.1.2.3.3
7ff89a5a4000-7ff89a5c0000 r-xp 00000000 fd:00 196759                     /lib/ld-2.7.so
7ff89a689000-7ff89a694000 rwxp 7ff89a689000 00:00 0 
7ff89a694000-7ff89a6b3000 rwxp 7ff89a694000 00:00 0 
7ff89a6b3000-7ff89a6be000 rwxp 7ff89a6b3000 00:00 0 
7ff89a6be000-7ff89a6dd000 rwxp 7ff89a6be000 00:00 0 
7ff89a6dd000-7ff89a6e0000 rwxp 7ff89a6dd000 00:00 0 
7ff89a6e0000-7ff89a6e2000 rwxp 7ff89a6e0000 00:00 0 
7ff89a6e2000-7ff89a6f0000 rwxp 7ff89a6e2000 00:00 0 
7ff89a6f0000-7ff89a7a6000 rwxp 7ff89a6f0000 00:00 0 
7ff89a7a6000-7ff89a7aa000 rw-p 7ff89a7a6000 00:00 0 
7ff89a7ac000-7ff89a7af000 rwxp 7ff89a7ac000 00:00 0 
7ff89a7af000-7ff89a7b2000 rwxp 7ff89a7af000 00:00 0 
7ff89a7b2000-7ff89a7ba000 rw-s 00000000 fd:01 1277954                    /tmp/hsperfdata_lucy/18893
7ff89a7ba000-7ff89a7bb000 rw-p 7ff89a7ba000 00:00 0 
7ff89a7bb000-7ff89a7bc000 r--p 7ff89a7bb000 00:00 0 
7ff89a7bc000-7ff89a7bf000 rw-p 7ff89a7bc000 00:00 0 
7ff89a7bf000-7ff89a7c1000 rw-p 0001b000 fd:00 196759                     /lib/ld-2.7.so
7fff264e9000-7fff264fe000 rwxp 7ffffffea000 00:00 0                      [stack]
7fff265ff000-7fff26600000 r-xp 7fff265ff000 00:00 0                      [vdso]
ffffffffff600000-ffffffffff601000 r-xp 00000000 00:00 0                  [vsyscall]

VM Arguments:
jvm_args: -Xmx16m 
java_command: BackEnd
Launcher Type: SUN_STANDARD

Environment Variables:
PATH=/usr/local/bin:/usr/bin:/bin:/usr/games
LD_LIBRARY_PATH=/usr/lib/jvm/java-6-openjdk/jre/lib/amd64/server:/usr/lib/jvm/java-6-openjdk/jre/lib/amd64:/usr/lib/jvm/java-6-openjdk/jre/../lib/amd64
SHELL=/bin/bash

Signal Handlers:
SIGSEGV: [libjvm.so+0x5d2630], sa_mask[0]=0x7ffbfeff, sa_flags=0x10000004
SIGBUS: [libjvm.so+0x5d2630], sa_mask[0]=0x7ffbfeff, sa_flags=0x10000004
SIGFPE: [libjvm.so+0x4ab9d0], sa_mask[0]=0x7ffbfeff, sa_flags=0x10000004
SIGPIPE: [libjvm.so+0x4ab9d0], sa_mask[0]=0x7ffbfeff, sa_flags=0x10000004
SIGXFSZ: [libjvm.so+0x4ab9d0], sa_mask[0]=0x7ffbfeff, sa_flags=0x10000004
SIGILL: [libjvm.so+0x4ab9d0], sa_mask[0]=0x7ffbfeff, sa_flags=0x10000004
SIGUSR1: SIG_DFL, sa_mask[0]=0x00000000, sa_flags=0x00000000
SIGUSR2: [libjvm.so+0x4ab380], sa_mask[0]=0x00000000, sa_flags=0x10000004
SIGHUP: SIG_DFL, sa_mask[0]=0x00000000, sa_flags=0x00000000
SIGINT: SIG_DFL, sa_mask[0]=0x00000000, sa_flags=0x00000000
SIGTERM: SIG_DFL, sa_mask[0]=0x00000000, sa_flags=0x00000000
SIGQUIT: SIG_DFL, sa_mask[0]=0x00000000, sa_flags=0x00000000


---------------  S Y S T E M  ---------------

OS:5.0.3

uname:Linux 2.6.26-2-amd64 #1 SMP Thu Nov 5 02:23:12 UTC 2009 x86_64
libc:glibc 2.7 NPTL 2.7 
rlimit: STACK 8192k, CORE 0k, NPROC 150, NOFILE 2048, AS 204800k
load average:1.52 1.45 1.43

CPU:total 4 (4 cores per cpu, 1 threads per core) family 6 model 15 stepping 11, cmov, cx8, fxsr, mmx, sse, sse2, sse3, ssse3

Memory: 4k page, physical 8200308k(244524k free), swap 4194296k(4193444k free)

vm_info: OpenJDK 64-Bit Server VM (1.6.0_0-b11) for linux-amd64 JRE (1.6.0_0-b11), built on Apr  9 2009 19:35:18 by "pbuilder" with gcc 4.3.2

time: Tue Mar  9 22:21:17 2010
elapsed time: 0 seconds

