#
# An unexpected error has been detected by Java Runtime Environment:
#
# java.lang.OutOfMemoryError: requested 25 bytes for char in /tmp/buildd/openjdk-6-6b11/openjdk/hotspot/src/share/vm/runtime/perfData.cpp. Out of swap space?
#
#  Internal Error (allocation.inline.hpp:42), pid=24546, tid=1083803984
#  Error: char in /tmp/buildd/openjdk-6-6b11/openjdk/hotspot/src/share/vm/runtime/perfData.cpp
#
# Java VM: OpenJDK 64-Bit Server VM (1.6.0_0-b11 mixed mode linux-amd64)
# If you would like to submit a bug report, please visit:
#   http://icedtea.classpath.org/bugzilla
#

---------------  T H R E A D  ---------------

Current thread (0x000000000108c000):  JavaThread "Unknown thread" [_thread_in_vm, id=24547, stack(0x0000000040898000,0x0000000040999000)]

Stack: [0x0000000040898000,0x0000000040999000],  sp=0x0000000040997890,  free space=1022k
Native frames: (J=compiled Java code, j=interpreted, Vv=VM code, C=native code)
V  [libjvm.so+0x5d198f]
V  [libjvm.so+0x5d1cf1]
V  [libjvm.so+0x27e6c9]
V  [libjvm.so+0x4d9f83]
V  [libjvm.so+0x4da201]
V  [libjvm.so+0x4dae05]
V  [libjvm.so+0x5a1624]
V  [libjvm.so+0x5a1982]
V  [libjvm.so+0x5aef64]
V  [libjvm.so+0x5b1b5d]
V  [libjvm.so+0x304435]
V  [libjvm.so+0x59fae1]
V  [libjvm.so+0x34cf1d]
C  [java+0x2948]  JavaMain+0x98


---------------  P R O C E S S  ---------------

Java Threads: ( => current thread )

Other Threads:

=>0x000000000108c000 (exited) JavaThread "Unknown thread" [_thread_in_vm, id=24547, stack(0x0000000040898000,0x0000000040999000)]

VM state:not at safepoint (not fully initialized)

VM Mutex/Monitor currently owned by a thread: None

Dynamic libraries:
00400000-00408000 r-xp 00000000 fd:02 1622516                            /usr/lib/jvm/java-6-openjdk/jre/bin/java
00608000-00609000 rw-p 00008000 fd:02 1622516                            /usr/lib/jvm/java-6-openjdk/jre/bin/java
01083000-010a4000 rw-p 01083000 00:00 0                                  [heap]
40898000-4089b000 ---p 40898000 00:00 0 
4089b000-40999000 rwxp 4089b000 00:00 0 
40d59000-40d5a000 ---p 40d59000 00:00 0 
40d5a000-40e5a000 rwxp 40d5a000 00:00 0 
4114d000-4114e000 ---p 4114d000 00:00 0 
4114e000-4124e000 rwxp 4114e000 00:00 0 
41756000-41757000 ---p 41756000 00:00 0 
41757000-41857000 rwxp 41757000 00:00 0 
41883000-41884000 ---p 41883000 00:00 0 
41884000-41984000 rwxp 41884000 00:00 0 
7fb02ec50000-7fb030110000 rwxp 7fb02ec50000 00:00 0 
7fb030110000-7fb034050000 rwxp 7fb030110000 00:00 0 
7fb034050000-7fb034580000 rwxp 7fb034050000 00:00 0 
7fb034580000-7fb0345b0000 rwxp 7fb034580000 00:00 0 
7fb0345b0000-7fb034850000 rwxp 7fb0345b0000 00:00 0 
7fb034854000-7fb034ac4000 rwxp 7fb034854000 00:00 0 
7fb034ac4000-7fb037854000 rwxp 7fb034ac4000 00:00 0 
7fb037854000-7fb03785b000 r-xp 00000000 fd:02 1622498                    /usr/lib/jvm/java-6-openjdk/jre/lib/amd64/libzip.so
7fb03785b000-7fb037a5a000 ---p 00007000 fd:02 1622498                    /usr/lib/jvm/java-6-openjdk/jre/lib/amd64/libzip.so
7fb037a5a000-7fb037a5b000 rw-p 00006000 fd:02 1622498                    /usr/lib/jvm/java-6-openjdk/jre/lib/amd64/libzip.so
7fb037a5b000-7fb037a88000 r-xp 00000000 fd:02 1622487                    /usr/lib/jvm/java-6-openjdk/jre/lib/amd64/libjava.so
7fb037a88000-7fb037c87000 ---p 0002d000 fd:02 1622487                    /usr/lib/jvm/java-6-openjdk/jre/lib/amd64/libjava.so
7fb037c87000-7fb037c8b000 rw-p 0002c000 fd:02 1622487                    /usr/lib/jvm/java-6-openjdk/jre/lib/amd64/libjava.so
7fb037c8b000-7fb037c9a000 r-xp 00000000 fd:02 1622495                    /usr/lib/jvm/java-6-openjdk/jre/lib/amd64/libverify.so
7fb037c9a000-7fb037e99000 ---p 0000f000 fd:02 1622495                    /usr/lib/jvm/java-6-openjdk/jre/lib/amd64/libverify.so
7fb037e99000-7fb037e9b000 rw-p 0000e000 fd:02 1622495                    /usr/lib/jvm/java-6-openjdk/jre/lib/amd64/libverify.so
7fb037e9b000-7fb037ea5000 r-xp 00000000 fd:00 196743                     /lib/libnss_files-2.7.so
7fb037ea5000-7fb0380a5000 ---p 0000a000 fd:00 196743                     /lib/libnss_files-2.7.so
7fb0380a5000-7fb0380a7000 rw-p 0000a000 fd:00 196743                     /lib/libnss_files-2.7.so
7fb0380a7000-7fb0380b0000 r-xp 00000000 fd:00 196726                     /lib/libnss_nis-2.7.so
7fb0380b0000-7fb0382b0000 ---p 00009000 fd:00 196726                     /lib/libnss_nis-2.7.so
7fb0382b0000-7fb0382b2000 rw-p 00009000 fd:00 196726                     /lib/libnss_nis-2.7.so
7fb0382b2000-7fb0382b9000 r-xp 00000000 fd:00 196753                     /lib/libnss_compat-2.7.so
7fb0382b9000-7fb0384b8000 ---p 00007000 fd:00 196753                     /lib/libnss_compat-2.7.so
7fb0384b8000-7fb0384ba000 rw-p 00006000 fd:00 196753                     /lib/libnss_compat-2.7.so
7fb0384ba000-7fb0384cf000 r-xp 00000000 fd:00 196765                     /lib/libnsl-2.7.so
7fb0384cf000-7fb0386ce000 ---p 00015000 fd:00 196765                     /lib/libnsl-2.7.so
7fb0386ce000-7fb0386d0000 rw-p 00014000 fd:00 196765                     /lib/libnsl-2.7.so
7fb0386d0000-7fb0386d2000 rw-p 7fb0386d0000 00:00 0 
7fb0386d2000-7fb0386da000 r-xp 00000000 fd:02 1622489                    /usr/lib/jvm/java-6-openjdk/jre/lib/amd64/native_threads/libhpi.so
7fb0386da000-7fb0388d9000 ---p 00008000 fd:02 1622489                    /usr/lib/jvm/java-6-openjdk/jre/lib/amd64/native_threads/libhpi.so
7fb0388d9000-7fb0388db000 rw-p 00007000 fd:02 1622489                    /usr/lib/jvm/java-6-openjdk/jre/lib/amd64/native_threads/libhpi.so
7fb0388db000-7fb0388e3000 r-xp 00000000 fd:00 196756                     /lib/librt-2.7.so
7fb0388e3000-7fb038ae2000 ---p 00008000 fd:00 196756                     /lib/librt-2.7.so
7fb038ae2000-7fb038ae4000 rw-p 00007000 fd:00 196756                     /lib/librt-2.7.so
7fb038ae4000-7fb038b66000 r-xp 00000000 fd:00 196792                     /lib/libm-2.7.so
7fb038b66000-7fb038d65000 ---p 00082000 fd:00 196792                     /lib/libm-2.7.so
7fb038d65000-7fb038d67000 rw-p 00081000 fd:00 196792                     /lib/libm-2.7.so
7fb038d67000-7fb03945e000 r-xp 00000000 fd:02 1622481                    /usr/lib/jvm/java-6-openjdk/jre/lib/amd64/server/libjvm.so
7fb03945e000-7fb03965d000 ---p 006f7000 fd:02 1622481                    /usr/lib/jvm/java-6-openjdk/jre/lib/amd64/server/libjvm.so
7fb03965d000-7fb0396d5000 rw-p 006f6000 fd:02 1622481                    /usr/lib/jvm/java-6-openjdk/jre/lib/amd64/server/libjvm.so
7fb0396d5000-7fb03970e000 rw-p 7fb0396d5000 00:00 0 
7fb03970e000-7fb039858000 r-xp 00000000 fd:00 196766                     /lib/libc-2.7.so
7fb039858000-7fb039a57000 ---p 0014a000 fd:00 196766                     /lib/libc-2.7.so
7fb039a57000-7fb039a5a000 r--p 00149000 fd:00 196766                     /lib/libc-2.7.so
7fb039a5a000-7fb039a5c000 rw-p 0014c000 fd:00 196766                     /lib/libc-2.7.so
7fb039a5c000-7fb039a61000 rw-p 7fb039a5c000 00:00 0 
7fb039a61000-7fb039a63000 r-xp 00000000 fd:00 196757                     /lib/libdl-2.7.so
7fb039a63000-7fb039c63000 ---p 00002000 fd:00 196757                     /lib/libdl-2.7.so
7fb039c63000-7fb039c65000 rw-p 00002000 fd:00 196757                     /lib/libdl-2.7.so
7fb039c65000-7fb039c69000 r-xp 00000000 fd:02 1622478                    /usr/lib/jvm/java-6-openjdk/jre/lib/amd64/jli/libjli.so
7fb039c69000-7fb039e68000 ---p 00004000 fd:02 1622478                    /usr/lib/jvm/java-6-openjdk/jre/lib/amd64/jli/libjli.so
7fb039e68000-7fb039e69000 rw-p 00003000 fd:02 1622478                    /usr/lib/jvm/java-6-openjdk/jre/lib/amd64/jli/libjli.so
7fb039e69000-7fb039e7f000 r-xp 00000000 fd:00 196790                     /lib/libpthread-2.7.so
7fb039e7f000-7fb03a07f000 ---p 00016000 fd:00 196790                     /lib/libpthread-2.7.so
7fb03a07f000-7fb03a081000 rw-p 00016000 fd:00 196790                     /lib/libpthread-2.7.so
7fb03a081000-7fb03a085000 rw-p 7fb03a081000 00:00 0 
7fb03a085000-7fb03a09b000 r-xp 00000000 fd:02 1245815                    /usr/lib/libz.so.1.2.3.3
7fb03a09b000-7fb03a29b000 ---p 00016000 fd:02 1245815                    /usr/lib/libz.so.1.2.3.3
7fb03a29b000-7fb03a29c000 rw-p 00016000 fd:02 1245815                    /usr/lib/libz.so.1.2.3.3
7fb03a29c000-7fb03a2b8000 r-xp 00000000 fd:00 196759                     /lib/ld-2.7.so
7fb03a385000-7fb03a390000 rwxp 7fb03a385000 00:00 0 
7fb03a390000-7fb03a3af000 rwxp 7fb03a390000 00:00 0 
7fb03a3af000-7fb03a3ba000 rwxp 7fb03a3af000 00:00 0 
7fb03a3ba000-7fb03a3d9000 rwxp 7fb03a3ba000 00:00 0 
7fb03a3d9000-7fb03a3e8000 rwxp 7fb03a3d9000 00:00 0 
7fb03a3e8000-7fb03a49e000 rwxp 7fb03a3e8000 00:00 0 
7fb03a49e000-7fb03a4a2000 rw-p 7fb03a49e000 00:00 0 
7fb03a4a7000-7fb03a4aa000 rwxp 7fb03a4a7000 00:00 0 
7fb03a4aa000-7fb03a4b2000 rw-s 00000000 fd:01 1277954                    /tmp/hsperfdata_lucy/24546
7fb03a4b2000-7fb03a4b3000 rw-p 7fb03a4b2000 00:00 0 
7fb03a4b3000-7fb03a4b4000 r--p 7fb03a4b3000 00:00 0 
7fb03a4b4000-7fb03a4b7000 rw-p 7fb03a4b4000 00:00 0 
7fb03a4b7000-7fb03a4b9000 rw-p 0001b000 fd:00 196759                     /lib/ld-2.7.so
7fff7b719000-7fff7b72e000 rwxp 7ffffffea000 00:00 0                      [stack]
7fff7b7ff000-7fff7b800000 r-xp 7fff7b7ff000 00:00 0                      [vdso]
ffffffffff600000-ffffffffff601000 r-xp 00000000 00:00 0                  [vsyscall]

VM Arguments:
jvm_args: -Xmx2M 
java_command: BackEnd
Launcher Type: SUN_STANDARD

Environment Variables:
PATH=/usr/local/bin:/usr/bin:/bin:/usr/games
LD_LIBRARY_PATH=/usr/lib/jvm/java-6-openjdk/jre/lib/amd64/server:/usr/lib/jvm/java-6-openjdk/jre/lib/amd64:/usr/lib/jvm/java-6-openjdk/jre/../lib/amd64
SHELL=/bin/bash

Signal Handlers:
SIGSEGV: [libjvm.so+0x5d2630], sa_mask[0]=0x7ffbfeff, sa_flags=0x10000004
SIGBUS: [libjvm.so+0x5d2630], sa_mask[0]=0x7ffbfeff, sa_flags=0x10000004
SIGFPE: [libjvm.so+0x4ab9d0], sa_mask[0]=0x7ffbfeff, sa_flags=0x10000004
SIGPIPE: [libjvm.so+0x4ab9d0], sa_mask[0]=0x7ffbfeff, sa_flags=0x10000004
SIGXFSZ: [libjvm.so+0x4ab9d0], sa_mask[0]=0x7ffbfeff, sa_flags=0x10000004
SIGILL: [libjvm.so+0x4ab9d0], sa_mask[0]=0x7ffbfeff, sa_flags=0x10000004
SIGUSR1: SIG_DFL, sa_mask[0]=0x00000000, sa_flags=0x00000000
SIGUSR2: [libjvm.so+0x4ab380], sa_mask[0]=0x00000000, sa_flags=0x10000004
SIGHUP: SIG_DFL, sa_mask[0]=0x00000000, sa_flags=0x00000000
SIGINT: SIG_DFL, sa_mask[0]=0x00000000, sa_flags=0x00000000
SIGTERM: SIG_DFL, sa_mask[0]=0x00000000, sa_flags=0x00000000
SIGQUIT: SIG_DFL, sa_mask[0]=0x00000000, sa_flags=0x00000000


---------------  S Y S T E M  ---------------

OS:5.0.3

uname:Linux 2.6.26-2-amd64 #1 SMP Thu Nov 5 02:23:12 UTC 2009 x86_64
libc:glibc 2.7 NPTL 2.7 
rlimit: STACK 8192k, CORE 0k, NPROC 150, NOFILE 2048, AS 204800k
load average:1.21 1.22 1.27

CPU:total 4 (4 cores per cpu, 1 threads per core) family 6 model 15 stepping 11, cmov, cx8, fxsr, mmx, sse, sse2, sse3, ssse3

Memory: 4k page, physical 8200308k(197120k free), swap 4194296k(4193444k free)

vm_info: OpenJDK 64-Bit Server VM (1.6.0_0-b11) for linux-amd64 JRE (1.6.0_0-b11), built on Apr  9 2009 19:35:18 by "pbuilder" with gcc 4.3.2

time: Tue Mar  9 21:28:32 2010
elapsed time: 0 seconds

